mode: set
github.com/c9s/bbgo/saas/manager/pool/pool.go:17.26,19.16 2 1
github.com/c9s/bbgo/saas/manager/pool/pool.go:19.16,20.32 1 0
github.com/c9s/bbgo/saas/manager/pool/pool.go:22.2,22.23 1 1
github.com/c9s/bbgo/saas/manager/pool/pool.go:25.40,27.30 2 1
github.com/c9s/bbgo/saas/manager/pool/pool.go:27.30,30.3 2 1
github.com/c9s/bbgo/saas/manager/pool/pool.go:33.74,37.2 3 1
github.com/c9s/bbgo/saas/manager/pool/pool.go:39.72,40.9 1 1
github.com/c9s/bbgo/saas/manager/pool/pool.go:41.20,42.19 1 1
github.com/c9s/bbgo/saas/manager/pool/pool.go:43.10,43.10 0 1
github.com/c9s/bbgo/saas/manager/pool/pool.go:46.2,48.12 3 1
github.com/c9s/bbgo/saas/manager/pool/pool.go:48.12,49.31 1 1
github.com/c9s/bbgo/saas/manager/pool/pool.go:49.31,51.11 2 1
github.com/c9s/bbgo/saas/manager/pool/pool.go:52.22,53.11 1 1
github.com/c9s/bbgo/saas/manager/pool/pool.go:54.12,55.9 1 0
github.com/c9s/bbgo/saas/manager/pool/pool.go:58.3,58.15 1 1
github.com/c9s/bbgo/saas/manager/pool/pool.go:61.2,61.9 1 1
github.com/c9s/bbgo/saas/manager/pool/pool.go:62.20,63.19 1 1
github.com/c9s/bbgo/saas/manager/pool/pool.go:64.22,65.13 1 1
github.com/c9s/bbgo/saas/manager/pool/pool.go:69.23,71.2 1 1
github.com/c9s/bbgo/saas/manager/pool/pool.go:73.30,75.2 1 1
github.com/c9s/bbgo/saas/manager/pool/pool.go:77.26,79.2 1 1
github.com/c9s/bbgo/saas/manager/pool/pool.go:81.27,83.2 1 1
github.com/c9s/bbgo/saas/manager/pool/pool.go:85.30,87.2 1 1
github.com/c9s/bbgo/saas/manager/pb/bbgo.pb.go:57.30,61.2 3 0
github.com/c9s/bbgo/saas/manager/pb/bbgo.pb.go:63.32,65.2 1 0
github.com/c9s/bbgo/saas/manager/pb/bbgo.pb.go:67.55,69.2 1 0
github.com/c9s/bbgo/saas/manager/pb/bbgo.pb.go:71.43,73.2 1 0
github.com/c9s/bbgo/saas/manager/pb/bbgo.pb.go:75.49,77.2 1 0
github.com/c9s/bbgo/saas/manager/pb/bbgo.pb.go:80.47,82.2 1 0
github.com/c9s/bbgo/saas/manager/pb/bbgo.pb.go:115.34,119.2 3 0
github.com/c9s/bbgo/saas/manager/pb/bbgo.pb.go:121.34,123.2 1 0
github.com/c9s/bbgo/saas/manager/pb/bbgo.pb.go:125.57,127.2 1 0
github.com/c9s/bbgo/saas/manager/pb/bbgo.pb.go:129.45,131.2 1 0
github.com/c9s/bbgo/saas/manager/pb/bbgo.pb.go:133.51,135.2 1 0
github.com/c9s/bbgo/saas/manager/pb/bbgo.pb.go:138.49,140.2 1 0
github.com/c9s/bbgo/saas/manager/pb/bbgo.pb.go:161.28,165.2 3 0
github.com/c9s/bbgo/saas/manager/pb/bbgo.pb.go:167.31,169.2 1 0
github.com/c9s/bbgo/saas/manager/pb/bbgo.pb.go:171.54,173.2 1 0
github.com/c9s/bbgo/saas/manager/pb/bbgo.pb.go:175.42,177.2 1 0
github.com/c9s/bbgo/saas/manager/pb/bbgo.pb.go:179.48,181.2 1 0
github.com/c9s/bbgo/saas/manager/pb/bbgo.pb.go:184.46,186.2 1 0
github.com/c9s/bbgo/saas/manager/pb/bbgo.pb.go:219.38,223.2 3 0
github.com/c9s/bbgo/saas/manager/pb/bbgo.pb.go:225.36,227.2 1 0
github.com/c9s/bbgo/saas/manager/pb/bbgo.pb.go:229.59,231.2 1 0
github.com/c9s/bbgo/saas/manager/pb/bbgo.pb.go:233.47,235.2 1 0
github.com/c9s/bbgo/saas/manager/pb/bbgo.pb.go:237.53,239.2 1 0
github.com/c9s/bbgo/saas/manager/pb/bbgo.pb.go:242.51,244.2 1 0
github.com/c9s/bbgo/saas/manager/pb/bbgo.pb.go:252.25,254.29 2 0
github.com/c9s/bbgo/saas/manager/pb/bbgo.pb.go:254.29,258.3 3 0
github.com/c9s/bbgo/saas/manager/pb/bbgo.pb.go:261.33,263.2 1 0
github.com/c9s/bbgo/saas/manager/pb/bbgo.pb.go:265.31,265.32 0 0
github.com/c9s/bbgo/saas/manager/pb/bbgo.pb.go:267.53,269.41 2 0
github.com/c9s/bbgo/saas/manager/pb/bbgo.pb.go:269.41,271.34 2 0
github.com/c9s/bbgo/saas/manager/pb/bbgo.pb.go:271.34,273.4 1 0
github.com/c9s/bbgo/saas/manager/pb/bbgo.pb.go:274.3,274.12 1 0
github.com/c9s/bbgo/saas/manager/pb/bbgo.pb.go:276.2,276.24 1 0
github.com/c9s/bbgo/saas/manager/pb/bbgo.pb.go:280.44,282.2 1 0
github.com/c9s/bbgo/saas/manager/pb/bbgo.pb.go:293.25,295.29 2 0
github.com/c9s/bbgo/saas/manager/pb/bbgo.pb.go:295.29,299.3 3 0
github.com/c9s/bbgo/saas/manager/pb/bbgo.pb.go:302.33,304.2 1 0
github.com/c9s/bbgo/saas/manager/pb/bbgo.pb.go:306.31,306.32 0 0
github.com/c9s/bbgo/saas/manager/pb/bbgo.pb.go:308.53,310.41 2 0
github.com/c9s/bbgo/saas/manager/pb/bbgo.pb.go:310.41,312.34 2 0
github.com/c9s/bbgo/saas/manager/pb/bbgo.pb.go:312.34,314.4 1 0
github.com/c9s/bbgo/saas/manager/pb/bbgo.pb.go:315.3,315.12 1 0
github.com/c9s/bbgo/saas/manager/pb/bbgo.pb.go:317.2,317.24 1 0
github.com/c9s/bbgo/saas/manager/pb/bbgo.pb.go:321.44,323.2 1 0
github.com/c9s/bbgo/saas/manager/pb/bbgo.pb.go:325.38,326.14 1 0
github.com/c9s/bbgo/saas/manager/pb/bbgo.pb.go:326.14,328.3 1 0
github.com/c9s/bbgo/saas/manager/pb/bbgo.pb.go:329.2,329.10 1 0
github.com/c9s/bbgo/saas/manager/pb/bbgo.pb.go:332.42,333.14 1 0
github.com/c9s/bbgo/saas/manager/pb/bbgo.pb.go:333.14,335.3 1 0
github.com/c9s/bbgo/saas/manager/pb/bbgo.pb.go:336.2,336.11 1 0
github.com/c9s/bbgo/saas/manager/pb/bbgo.pb.go:347.35,349.29 2 0
github.com/c9s/bbgo/saas/manager/pb/bbgo.pb.go:349.29,353.3 3 0
github.com/c9s/bbgo/saas/manager/pb/bbgo.pb.go:356.43,358.2 1 0
github.com/c9s/bbgo/saas/manager/pb/bbgo.pb.go:360.41,360.42 0 0
github.com/c9s/bbgo/saas/manager/pb/bbgo.pb.go:362.63,364.41 2 0
github.com/c9s/bbgo/saas/manager/pb/bbgo.pb.go:364.41,366.34 2 0
github.com/c9s/bbgo/saas/manager/pb/bbgo.pb.go:366.34,368.4 1 0
github.com/c9s/bbgo/saas/manager/pb/bbgo.pb.go:369.3,369.12 1 0
github.com/c9s/bbgo/saas/manager/pb/bbgo.pb.go:371.2,371.24 1 0
github.com/c9s/bbgo/saas/manager/pb/bbgo.pb.go:375.54,377.2 1 0
github.com/c9s/bbgo/saas/manager/pb/bbgo.pb.go:379.47,380.14 1 0
github.com/c9s/bbgo/saas/manager/pb/bbgo.pb.go:380.14,382.3 1 0
github.com/c9s/bbgo/saas/manager/pb/bbgo.pb.go:383.2,383.11 1 0
github.com/c9s/bbgo/saas/manager/pb/bbgo.pb.go:400.28,402.29 2 0
github.com/c9s/bbgo/saas/manager/pb/bbgo.pb.go:402.29,406.3 3 0
github.com/c9s/bbgo/saas/manager/pb/bbgo.pb.go:409.36,411.2 1 0
github.com/c9s/bbgo/saas/manager/pb/bbgo.pb.go:413.34,413.35 0 0
github.com/c9s/bbgo/saas/manager/pb/bbgo.pb.go:415.56,417.41 2 0
github.com/c9s/bbgo/saas/manager/pb/bbgo.pb.go:417.41,419.34 2 0
github.com/c9s/bbgo/saas/manager/pb/bbgo.pb.go:419.34,421.4 1 0
github.com/c9s/bbgo/saas/manager/pb/bbgo.pb.go:422.3,422.12 1 0
github.com/c9s/bbgo/saas/manager/pb/bbgo.pb.go:424.2,424.24 1 0
github.com/c9s/bbgo/saas/manager/pb/bbgo.pb.go:428.47,430.2 1 0
github.com/c9s/bbgo/saas/manager/pb/bbgo.pb.go:432.40,433.14 1 0
github.com/c9s/bbgo/saas/manager/pb/bbgo.pb.go:433.14,435.3 1 0
github.com/c9s/bbgo/saas/manager/pb/bbgo.pb.go:436.2,436.11 1 0
github.com/c9s/bbgo/saas/manager/pb/bbgo.pb.go:439.41,440.14 1 0
github.com/c9s/bbgo/saas/manager/pb/bbgo.pb.go:440.14,442.3 1 0
github.com/c9s/bbgo/saas/manager/pb/bbgo.pb.go:443.2,443.11 1 0
github.com/c9s/bbgo/saas/manager/pb/bbgo.pb.go:446.41,447.14 1 0
github.com/c9s/bbgo/saas/manager/pb/bbgo.pb.go:447.14,449.3 1 0
github.com/c9s/bbgo/saas/manager/pb/bbgo.pb.go:450.2,450.21 1 0
github.com/c9s/bbgo/saas/manager/pb/bbgo.pb.go:453.37,454.14 1 0
github.com/c9s/bbgo/saas/manager/pb/bbgo.pb.go:454.14,456.3 1 0
github.com/c9s/bbgo/saas/manager/pb/bbgo.pb.go:457.2,457.22 1 0
github.com/c9s/bbgo/saas/manager/pb/bbgo.pb.go:460.45,461.14 1 0
github.com/c9s/bbgo/saas/manager/pb/bbgo.pb.go:461.14,463.3 1 0
github.com/c9s/bbgo/saas/manager/pb/bbgo.pb.go:464.2,464.12 1 0
github.com/c9s/bbgo/saas/manager/pb/bbgo.pb.go:467.41,468.14 1 0
github.com/c9s/bbgo/saas/manager/pb/bbgo.pb.go:468.14,470.3 1 0
github.com/c9s/bbgo/saas/manager/pb/bbgo.pb.go:471.2,471.12 1 0
github.com/c9s/bbgo/saas/manager/pb/bbgo.pb.go:474.41,475.14 1 0
github.com/c9s/bbgo/saas/manager/pb/bbgo.pb.go:475.14,477.3 1 0
github.com/c9s/bbgo/saas/manager/pb/bbgo.pb.go:478.2,478.12 1 0
github.com/c9s/bbgo/saas/manager/pb/bbgo.pb.go:489.36,491.29 2 0
github.com/c9s/bbgo/saas/manager/pb/bbgo.pb.go:491.29,495.3 3 0
github.com/c9s/bbgo/saas/manager/pb/bbgo.pb.go:498.44,500.2 1 0
github.com/c9s/bbgo/saas/manager/pb/bbgo.pb.go:502.42,502.43 0 0
github.com/c9s/bbgo/saas/manager/pb/bbgo.pb.go:504.64,506.41 2 0
github.com/c9s/bbgo/saas/manager/pb/bbgo.pb.go:506.41,508.34 2 0
github.com/c9s/bbgo/saas/manager/pb/bbgo.pb.go:508.34,510.4 1 0
github.com/c9s/bbgo/saas/manager/pb/bbgo.pb.go:511.3,511.12 1 0
github.com/c9s/bbgo/saas/manager/pb/bbgo.pb.go:513.2,513.24 1 0
github.com/c9s/bbgo/saas/manager/pb/bbgo.pb.go:517.55,519.2 1 0
github.com/c9s/bbgo/saas/manager/pb/bbgo.pb.go:521.63,522.14 1 0
github.com/c9s/bbgo/saas/manager/pb/bbgo.pb.go:522.14,524.3 1 0
github.com/c9s/bbgo/saas/manager/pb/bbgo.pb.go:525.2,525.12 1 0
github.com/c9s/bbgo/saas/manager/pb/bbgo.pb.go:540.32,542.29 2 0
github.com/c9s/bbgo/saas/manager/pb/bbgo.pb.go:542.29,546.3 3 0
github.com/c9s/bbgo/saas/manager/pb/bbgo.pb.go:549.40,551.2 1 0
github.com/c9s/bbgo/saas/manager/pb/bbgo.pb.go:553.38,553.39 0 0
github.com/c9s/bbgo/saas/manager/pb/bbgo.pb.go:555.60,557.41 2 0
github.com/c9s/bbgo/saas/manager/pb/bbgo.pb.go:557.41,559.34 2 0
github.com/c9s/bbgo/saas/manager/pb/bbgo.pb.go:559.34,561.4 1 0
github.com/c9s/bbgo/saas/manager/pb/bbgo.pb.go:562.3,562.12 1 0
github.com/c9s/bbgo/saas/manager/pb/bbgo.pb.go:564.2,564.24 1 0
github.com/c9s/bbgo/saas/manager/pb/bbgo.pb.go:568.51,570.2 1 0
github.com/c9s/bbgo/saas/manager/pb/bbgo.pb.go:572.45,573.14 1 0
github.com/c9s/bbgo/saas/manager/pb/bbgo.pb.go:573.14,575.3 1 0
github.com/c9s/bbgo/saas/manager/pb/bbgo.pb.go:576.2,576.11 1 0
github.com/c9s/bbgo/saas/manager/pb/bbgo.pb.go:579.45,580.14 1 0
github.com/c9s/bbgo/saas/manager/pb/bbgo.pb.go:580.14,582.3 1 0
github.com/c9s/bbgo/saas/manager/pb/bbgo.pb.go:583.2,583.21 1 0
github.com/c9s/bbgo/saas/manager/pb/bbgo.pb.go:586.43,587.14 1 0
github.com/c9s/bbgo/saas/manager/pb/bbgo.pb.go:587.14,589.3 1 0
github.com/c9s/bbgo/saas/manager/pb/bbgo.pb.go:590.2,590.11 1 0
github.com/c9s/bbgo/saas/manager/pb/bbgo.pb.go:593.42,594.14 1 0
github.com/c9s/bbgo/saas/manager/pb/bbgo.pb.go:594.14,596.3 1 0
github.com/c9s/bbgo/saas/manager/pb/bbgo.pb.go:597.2,597.11 1 0
github.com/c9s/bbgo/saas/manager/pb/bbgo.pb.go:600.45,601.14 1 0
github.com/c9s/bbgo/saas/manager/pb/bbgo.pb.go:601.14,603.3 1 0
github.com/c9s/bbgo/saas/manager/pb/bbgo.pb.go:604.2,604.11 1 0
github.com/c9s/bbgo/saas/manager/pb/bbgo.pb.go:625.30,627.29 2 0
github.com/c9s/bbgo/saas/manager/pb/bbgo.pb.go:627.29,631.3 3 0
github.com/c9s/bbgo/saas/manager/pb/bbgo.pb.go:634.38,636.2 1 0
github.com/c9s/bbgo/saas/manager/pb/bbgo.pb.go:638.36,638.37 0 0
github.com/c9s/bbgo/saas/manager/pb/bbgo.pb.go:640.58,642.41 2 0
github.com/c9s/bbgo/saas/manager/pb/bbgo.pb.go:642.41,644.34 2 0
github.com/c9s/bbgo/saas/manager/pb/bbgo.pb.go:644.34,646.4 1 0
github.com/c9s/bbgo/saas/manager/pb/bbgo.pb.go:647.3,647.12 1 0
github.com/c9s/bbgo/saas/manager/pb/bbgo.pb.go:649.2,649.24 1 0
github.com/c9s/bbgo/saas/manager/pb/bbgo.pb.go:653.49,655.2 1 0
github.com/c9s/bbgo/saas/manager/pb/bbgo.pb.go:657.42,658.14 1 0
github.com/c9s/bbgo/saas/manager/pb/bbgo.pb.go:658.14,660.3 1 0
github.com/c9s/bbgo/saas/manager/pb/bbgo.pb.go:661.2,661.11 1 0
github.com/c9s/bbgo/saas/manager/pb/bbgo.pb.go:664.43,665.14 1 0
github.com/c9s/bbgo/saas/manager/pb/bbgo.pb.go:665.14,667.3 1 0
github.com/c9s/bbgo/saas/manager/pb/bbgo.pb.go:668.2,668.11 1 0
github.com/c9s/bbgo/saas/manager/pb/bbgo.pb.go:671.41,672.14 1 0
github.com/c9s/bbgo/saas/manager/pb/bbgo.pb.go:672.14,674.3 1 0
github.com/c9s/bbgo/saas/manager/pb/bbgo.pb.go:675.2,675.11 1 0
github.com/c9s/bbgo/saas/manager/pb/bbgo.pb.go:678.43,679.14 1 0
github.com/c9s/bbgo/saas/manager/pb/bbgo.pb.go:679.14,681.3 1 0
github.com/c9s/bbgo/saas/manager/pb/bbgo.pb.go:682.2,682.21 1 0
github.com/c9s/bbgo/saas/manager/pb/bbgo.pb.go:685.39,686.14 1 0
github.com/c9s/bbgo/saas/manager/pb/bbgo.pb.go:686.14,688.3 1 0
github.com/c9s/bbgo/saas/manager/pb/bbgo.pb.go:689.2,689.22 1 0
github.com/c9s/bbgo/saas/manager/pb/bbgo.pb.go:692.40,693.14 1 0
github.com/c9s/bbgo/saas/manager/pb/bbgo.pb.go:693.14,695.3 1 0
github.com/c9s/bbgo/saas/manager/pb/bbgo.pb.go:696.2,696.12 1 0
github.com/c9s/bbgo/saas/manager/pb/bbgo.pb.go:699.40,700.14 1 0
github.com/c9s/bbgo/saas/manager/pb/bbgo.pb.go:700.14,702.3 1 0
github.com/c9s/bbgo/saas/manager/pb/bbgo.pb.go:703.2,703.12 1 0
github.com/c9s/bbgo/saas/manager/pb/bbgo.pb.go:706.42,707.14 1 0
github.com/c9s/bbgo/saas/manager/pb/bbgo.pb.go:707.14,709.3 1 0
github.com/c9s/bbgo/saas/manager/pb/bbgo.pb.go:710.2,710.12 1 0
github.com/c9s/bbgo/saas/manager/pb/bbgo.pb.go:713.43,714.14 1 0
github.com/c9s/bbgo/saas/manager/pb/bbgo.pb.go:714.14,716.3 1 0
github.com/c9s/bbgo/saas/manager/pb/bbgo.pb.go:717.2,717.12 1 0
github.com/c9s/bbgo/saas/manager/pb/bbgo.pb.go:720.46,721.14 1 0
github.com/c9s/bbgo/saas/manager/pb/bbgo.pb.go:721.14,723.3 1 0
github.com/c9s/bbgo/saas/manager/pb/bbgo.pb.go:724.2,724.10 1 0
github.com/c9s/bbgo/saas/manager/pb/bbgo.pb.go:727.40,728.14 1 0
github.com/c9s/bbgo/saas/manager/pb/bbgo.pb.go:728.14,730.3 1 0
github.com/c9s/bbgo/saas/manager/pb/bbgo.pb.go:731.2,731.12 1 0
github.com/c9s/bbgo/saas/manager/pb/bbgo.pb.go:745.25,747.29 2 0
github.com/c9s/bbgo/saas/manager/pb/bbgo.pb.go:747.29,751.3 3 0
github.com/c9s/bbgo/saas/manager/pb/bbgo.pb.go:754.33,756.2 1 0
github.com/c9s/bbgo/saas/manager/pb/bbgo.pb.go:758.31,758.32 0 0
github.com/c9s/bbgo/saas/manager/pb/bbgo.pb.go:760.53,762.41 2 0
github.com/c9s/bbgo/saas/manager/pb/bbgo.pb.go:762.41,764.34 2 0
github.com/c9s/bbgo/saas/manager/pb/bbgo.pb.go:764.34,766.4 1 0
github.com/c9s/bbgo/saas/manager/pb/bbgo.pb.go:767.3,767.12 1 0
github.com/c9s/bbgo/saas/manager/pb/bbgo.pb.go:769.2,769.24 1 0
github.com/c9s/bbgo/saas/manager/pb/bbgo.pb.go:773.44,775.2 1 0
github.com/c9s/bbgo/saas/manager/pb/bbgo.pb.go:777.38,778.14 1 0
github.com/c9s/bbgo/saas/manager/pb/bbgo.pb.go:778.14,780.3 1 0
github.com/c9s/bbgo/saas/manager/pb/bbgo.pb.go:781.2,781.11 1 0
github.com/c9s/bbgo/saas/manager/pb/bbgo.pb.go:784.36,785.14 1 0
github.com/c9s/bbgo/saas/manager/pb/bbgo.pb.go:785.14,787.3 1 0
github.com/c9s/bbgo/saas/manager/pb/bbgo.pb.go:788.2,788.11 1 0
github.com/c9s/bbgo/saas/manager/pb/bbgo.pb.go:791.42,792.14 1 0
github.com/c9s/bbgo/saas/manager/pb/bbgo.pb.go:792.14,794.3 1 0
github.com/c9s/bbgo/saas/manager/pb/bbgo.pb.go:795.2,795.12 1 0
github.com/c9s/bbgo/saas/manager/pb/bbgo.pb.go:798.42,799.14 1 0
github.com/c9s/bbgo/saas/manager/pb/bbgo.pb.go:799.14,801.3 1 0
github.com/c9s/bbgo/saas/manager/pb/bbgo.pb.go:802.2,802.12 1 0
github.com/c9s/bbgo/saas/manager/pb/bbgo.pb.go:814.31,816.29 2 0
github.com/c9s/bbgo/saas/manager/pb/bbgo.pb.go:816.29,820.3 3 0
github.com/c9s/bbgo/saas/manager/pb/bbgo.pb.go:823.39,825.2 1 0
github.com/c9s/bbgo/saas/manager/pb/bbgo.pb.go:827.37,827.38 0 0
github.com/c9s/bbgo/saas/manager/pb/bbgo.pb.go:829.59,831.41 2 0
github.com/c9s/bbgo/saas/manager/pb/bbgo.pb.go:831.41,833.34 2 0
github.com/c9s/bbgo/saas/manager/pb/bbgo.pb.go:833.34,835.4 1 0
github.com/c9s/bbgo/saas/manager/pb/bbgo.pb.go:836.3,836.12 1 0
github.com/c9s/bbgo/saas/manager/pb/bbgo.pb.go:838.2,838.24 1 0
github.com/c9s/bbgo/saas/manager/pb/bbgo.pb.go:842.50,844.2 1 0
github.com/c9s/bbgo/saas/manager/pb/bbgo.pb.go:846.41,847.14 1 0
github.com/c9s/bbgo/saas/manager/pb/bbgo.pb.go:847.14,849.3 1 0
github.com/c9s/bbgo/saas/manager/pb/bbgo.pb.go:850.2,850.11 1 0
github.com/c9s/bbgo/saas/manager/pb/bbgo.pb.go:853.42,854.14 1 0
github.com/c9s/bbgo/saas/manager/pb/bbgo.pb.go:854.14,856.3 1 0
github.com/c9s/bbgo/saas/manager/pb/bbgo.pb.go:857.2,857.11 1 0
github.com/c9s/bbgo/saas/manager/pb/bbgo.pb.go:880.25,882.29 2 0
github.com/c9s/bbgo/saas/manager/pb/bbgo.pb.go:882.29,886.3 3 0
github.com/c9s/bbgo/saas/manager/pb/bbgo.pb.go:889.33,891.2 1 0
github.com/c9s/bbgo/saas/manager/pb/bbgo.pb.go:893.31,893.32 0 0
github.com/c9s/bbgo/saas/manager/pb/bbgo.pb.go:895.53,897.41 2 0
github.com/c9s/bbgo/saas/manager/pb/bbgo.pb.go:897.41,899.34 2 0
github.com/c9s/bbgo/saas/manager/pb/bbgo.pb.go:899.34,901.4 1 0
github.com/c9s/bbgo/saas/manager/pb/bbgo.pb.go:902.3,902.12 1 0
github.com/c9s/bbgo/saas/manager/pb/bbgo.pb.go:904.2,904.24 1 0
github.com/c9s/bbgo/saas/manager/pb/bbgo.pb.go:908.44,910.2 1 0
github.com/c9s/bbgo/saas/manager/pb/bbgo.pb.go:912.37,913.14 1 0
github.com/c9s/bbgo/saas/manager/pb/bbgo.pb.go:913.14,915.3 1 0
github.com/c9s/bbgo/saas/manager/pb/bbgo.pb.go:916.2,916.11 1 0
github.com/c9s/bbgo/saas/manager/pb/bbgo.pb.go:919.38,920.14 1 0
github.com/c9s/bbgo/saas/manager/pb/bbgo.pb.go:920.14,922.3 1 0
github.com/c9s/bbgo/saas/manager/pb/bbgo.pb.go:923.2,923.11 1 0
github.com/c9s/bbgo/saas/manager/pb/bbgo.pb.go:926.36,927.14 1 0
github.com/c9s/bbgo/saas/manager/pb/bbgo.pb.go:927.14,929.3 1 0
github.com/c9s/bbgo/saas/manager/pb/bbgo.pb.go:930.2,930.11 1 0
github.com/c9s/bbgo/saas/manager/pb/bbgo.pb.go:933.32,934.14 1 0
github.com/c9s/bbgo/saas/manager/pb/bbgo.pb.go:934.14,936.3 1 0
github.com/c9s/bbgo/saas/manager/pb/bbgo.pb.go:937.2,937.11 1 0
github.com/c9s/bbgo/saas/manager/pb/bbgo.pb.go:940.35,941.14 1 0
github.com/c9s/bbgo/saas/manager/pb/bbgo.pb.go:941.14,943.3 1 0
github.com/c9s/bbgo/saas/manager/pb/bbgo.pb.go:944.2,944.11 1 0
github.com/c9s/bbgo/saas/manager/pb/bbgo.pb.go:947.38,948.14 1 0
github.com/c9s/bbgo/saas/manager/pb/bbgo.pb.go:948.14,950.3 1 0
github.com/c9s/bbgo/saas/manager/pb/bbgo.pb.go:951.2,951.11 1 0
github.com/c9s/bbgo/saas/manager/pb/bbgo.pb.go:954.38,955.14 1 0
github.com/c9s/bbgo/saas/manager/pb/bbgo.pb.go:955.14,957.3 1 0
github.com/c9s/bbgo/saas/manager/pb/bbgo.pb.go:958.2,958.10 1 0
github.com/c9s/bbgo/saas/manager/pb/bbgo.pb.go:961.32,962.14 1 0
github.com/c9s/bbgo/saas/manager/pb/bbgo.pb.go:962.14,964.3 1 0
github.com/c9s/bbgo/saas/manager/pb/bbgo.pb.go:965.2,965.17 1 0
github.com/c9s/bbgo/saas/manager/pb/bbgo.pb.go:968.41,969.14 1 0
github.com/c9s/bbgo/saas/manager/pb/bbgo.pb.go:969.14,971.3 1 0
github.com/c9s/bbgo/saas/manager/pb/bbgo.pb.go:972.2,972.11 1 0
github.com/c9s/bbgo/saas/manager/pb/bbgo.pb.go:975.33,976.14 1 0
github.com/c9s/bbgo/saas/manager/pb/bbgo.pb.go:976.14,978.3 1 0
github.com/c9s/bbgo/saas/manager/pb/bbgo.pb.go:979.2,979.11 1 0
github.com/c9s/bbgo/saas/manager/pb/bbgo.pb.go:982.33,983.14 1 0
github.com/c9s/bbgo/saas/manager/pb/bbgo.pb.go:983.14,985.3 1 0
github.com/c9s/bbgo/saas/manager/pb/bbgo.pb.go:986.2,986.14 1 0
github.com/c9s/bbgo/saas/manager/pb/bbgo.pb.go:1004.26,1006.29 2 0
github.com/c9s/bbgo/saas/manager/pb/bbgo.pb.go:1006.29,1010.3 3 0
github.com/c9s/bbgo/saas/manager/pb/bbgo.pb.go:1013.34,1015.2 1 0
github.com/c9s/bbgo/saas/manager/pb/bbgo.pb.go:1017.32,1017.33 0 0
github.com/c9s/bbgo/saas/manager/pb/bbgo.pb.go:1019.54,1021.41 2 0
github.com/c9s/bbgo/saas/manager/pb/bbgo.pb.go:1021.41,1023.34 2 0
github.com/c9s/bbgo/saas/manager/pb/bbgo.pb.go:1023.34,1025.4 1 0
github.com/c9s/bbgo/saas/manager/pb/bbgo.pb.go:1026.3,1026.12 1 0
github.com/c9s/bbgo/saas/manager/pb/bbgo.pb.go:1028.2,1028.24 1 0
github.com/c9s/bbgo/saas/manager/pb/bbgo.pb.go:1032.45,1034.2 1 0
github.com/c9s/bbgo/saas/manager/pb/bbgo.pb.go:1036.39,1037.14 1 0
github.com/c9s/bbgo/saas/manager/pb/bbgo.pb.go:1037.14,1039.3 1 0
github.com/c9s/bbgo/saas/manager/pb/bbgo.pb.go:1040.2,1040.11 1 0
github.com/c9s/bbgo/saas/manager/pb/bbgo.pb.go:1043.37,1044.14 1 0
github.com/c9s/bbgo/saas/manager/pb/bbgo.pb.go:1044.14,1046.3 1 0
github.com/c9s/bbgo/saas/manager/pb/bbgo.pb.go:1047.2,1047.11 1 0
github.com/c9s/bbgo/saas/manager/pb/bbgo.pb.go:1050.36,1051.14 1 0
github.com/c9s/bbgo/saas/manager/pb/bbgo.pb.go:1051.14,1053.3 1 0
github.com/c9s/bbgo/saas/manager/pb/bbgo.pb.go:1054.2,1054.10 1 0
github.com/c9s/bbgo/saas/manager/pb/bbgo.pb.go:1057.36,1058.14 1 0
github.com/c9s/bbgo/saas/manager/pb/bbgo.pb.go:1058.14,1060.3 1 0
github.com/c9s/bbgo/saas/manager/pb/bbgo.pb.go:1061.2,1061.10 1 0
github.com/c9s/bbgo/saas/manager/pb/bbgo.pb.go:1064.35,1065.14 1 0
github.com/c9s/bbgo/saas/manager/pb/bbgo.pb.go:1065.14,1067.3 1 0
github.com/c9s/bbgo/saas/manager/pb/bbgo.pb.go:1068.2,1068.10 1 0
github.com/c9s/bbgo/saas/manager/pb/bbgo.pb.go:1071.37,1072.14 1 0
github.com/c9s/bbgo/saas/manager/pb/bbgo.pb.go:1072.14,1074.3 1 0
github.com/c9s/bbgo/saas/manager/pb/bbgo.pb.go:1075.2,1075.10 1 0
github.com/c9s/bbgo/saas/manager/pb/bbgo.pb.go:1078.38,1079.14 1 0
github.com/c9s/bbgo/saas/manager/pb/bbgo.pb.go:1079.14,1081.3 1 0
github.com/c9s/bbgo/saas/manager/pb/bbgo.pb.go:1082.2,1082.10 1 0
github.com/c9s/bbgo/saas/manager/pb/bbgo.pb.go:1106.25,1108.29 2 0
github.com/c9s/bbgo/saas/manager/pb/bbgo.pb.go:1108.29,1112.3 3 0
github.com/c9s/bbgo/saas/manager/pb/bbgo.pb.go:1115.33,1117.2 1 0
github.com/c9s/bbgo/saas/manager/pb/bbgo.pb.go:1119.31,1119.32 0 0
github.com/c9s/bbgo/saas/manager/pb/bbgo.pb.go:1121.53,1123.41 2 0
github.com/c9s/bbgo/saas/manager/pb/bbgo.pb.go:1123.41,1125.34 2 0
github.com/c9s/bbgo/saas/manager/pb/bbgo.pb.go:1125.34,1127.4 1 0
github.com/c9s/bbgo/saas/manager/pb/bbgo.pb.go:1128.3,1128.12 1 0
github.com/c9s/bbgo/saas/manager/pb/bbgo.pb.go:1130.2,1130.24 1 0
github.com/c9s/bbgo/saas/manager/pb/bbgo.pb.go:1134.44,1136.2 1 0
github.com/c9s/bbgo/saas/manager/pb/bbgo.pb.go:1138.38,1139.14 1 0
github.com/c9s/bbgo/saas/manager/pb/bbgo.pb.go:1139.14,1141.3 1 0
github.com/c9s/bbgo/saas/manager/pb/bbgo.pb.go:1142.2,1142.11 1 0
github.com/c9s/bbgo/saas/manager/pb/bbgo.pb.go:1145.36,1146.14 1 0
github.com/c9s/bbgo/saas/manager/pb/bbgo.pb.go:1146.14,1148.3 1 0
github.com/c9s/bbgo/saas/manager/pb/bbgo.pb.go:1149.2,1149.11 1 0
github.com/c9s/bbgo/saas/manager/pb/bbgo.pb.go:1152.32,1153.14 1 0
github.com/c9s/bbgo/saas/manager/pb/bbgo.pb.go:1153.14,1155.3 1 0
github.com/c9s/bbgo/saas/manager/pb/bbgo.pb.go:1156.2,1156.11 1 0
github.com/c9s/bbgo/saas/manager/pb/bbgo.pb.go:1159.32,1160.14 1 0
github.com/c9s/bbgo/saas/manager/pb/bbgo.pb.go:1160.14,1162.3 1 0
github.com/c9s/bbgo/saas/manager/pb/bbgo.pb.go:1163.2,1163.17 1 0
github.com/c9s/bbgo/saas/manager/pb/bbgo.pb.go:1166.42,1167.14 1 0
github.com/c9s/bbgo/saas/manager/pb/bbgo.pb.go:1167.14,1169.3 1 0
github.com/c9s/bbgo/saas/manager/pb/bbgo.pb.go:1170.2,1170.25 1 0
github.com/c9s/bbgo/saas/manager/pb/bbgo.pb.go:1173.35,1174.14 1 0
github.com/c9s/bbgo/saas/manager/pb/bbgo.pb.go:1174.14,1176.3 1 0
github.com/c9s/bbgo/saas/manager/pb/bbgo.pb.go:1177.2,1177.11 1 0
github.com/c9s/bbgo/saas/manager/pb/bbgo.pb.go:1180.39,1181.14 1 0
github.com/c9s/bbgo/saas/manager/pb/bbgo.pb.go:1181.14,1183.3 1 0
github.com/c9s/bbgo/saas/manager/pb/bbgo.pb.go:1184.2,1184.11 1 0
github.com/c9s/bbgo/saas/manager/pb/bbgo.pb.go:1187.36,1188.14 1 0
github.com/c9s/bbgo/saas/manager/pb/bbgo.pb.go:1188.14,1190.3 1 0
github.com/c9s/bbgo/saas/manager/pb/bbgo.pb.go:1191.2,1191.11 1 0
github.com/c9s/bbgo/saas/manager/pb/bbgo.pb.go:1194.38,1195.14 1 0
github.com/c9s/bbgo/saas/manager/pb/bbgo.pb.go:1195.14,1197.3 1 0
github.com/c9s/bbgo/saas/manager/pb/bbgo.pb.go:1198.2,1198.11 1 0
github.com/c9s/bbgo/saas/manager/pb/bbgo.pb.go:1201.46,1202.14 1 0
github.com/c9s/bbgo/saas/manager/pb/bbgo.pb.go:1202.14,1204.3 1 0
github.com/c9s/bbgo/saas/manager/pb/bbgo.pb.go:1205.2,1205.11 1 0
github.com/c9s/bbgo/saas/manager/pb/bbgo.pb.go:1208.43,1209.14 1 0
github.com/c9s/bbgo/saas/manager/pb/bbgo.pb.go:1209.14,1211.3 1 0
github.com/c9s/bbgo/saas/manager/pb/bbgo.pb.go:1212.2,1212.11 1 0
github.com/c9s/bbgo/saas/manager/pb/bbgo.pb.go:1215.36,1216.14 1 0
github.com/c9s/bbgo/saas/manager/pb/bbgo.pb.go:1216.14,1218.3 1 0
github.com/c9s/bbgo/saas/manager/pb/bbgo.pb.go:1219.2,1219.10 1 0
github.com/c9s/bbgo/saas/manager/pb/bbgo.pb.go:1222.38,1223.14 1 0
github.com/c9s/bbgo/saas/manager/pb/bbgo.pb.go:1223.14,1225.3 1 0
github.com/c9s/bbgo/saas/manager/pb/bbgo.pb.go:1226.2,1226.10 1 0
github.com/c9s/bbgo/saas/manager/pb/bbgo.pb.go:1246.31,1248.29 2 0
github.com/c9s/bbgo/saas/manager/pb/bbgo.pb.go:1248.29,1252.3 3 0
github.com/c9s/bbgo/saas/manager/pb/bbgo.pb.go:1255.39,1257.2 1 0
github.com/c9s/bbgo/saas/manager/pb/bbgo.pb.go:1259.37,1259.38 0 0
github.com/c9s/bbgo/saas/manager/pb/bbgo.pb.go:1261.59,1263.41 2 0
github.com/c9s/bbgo/saas/manager/pb/bbgo.pb.go:1263.41,1265.34 2 0
github.com/c9s/bbgo/saas/manager/pb/bbgo.pb.go:1265.34,1267.4 1 0
github.com/c9s/bbgo/saas/manager/pb/bbgo.pb.go:1268.3,1268.12 1 0
github.com/c9s/bbgo/saas/manager/pb/bbgo.pb.go:1270.2,1270.24 1 0
github.com/c9s/bbgo/saas/manager/pb/bbgo.pb.go:1274.50,1276.2 1 0
github.com/c9s/bbgo/saas/manager/pb/bbgo.pb.go:1278.43,1279.14 1 0
github.com/c9s/bbgo/saas/manager/pb/bbgo.pb.go:1279.14,1281.3 1 0
github.com/c9s/bbgo/saas/manager/pb/bbgo.pb.go:1282.2,1282.11 1 0
github.com/c9s/bbgo/saas/manager/pb/bbgo.pb.go:1285.44,1286.14 1 0
github.com/c9s/bbgo/saas/manager/pb/bbgo.pb.go:1286.14,1288.3 1 0
github.com/c9s/bbgo/saas/manager/pb/bbgo.pb.go:1289.2,1289.11 1 0
github.com/c9s/bbgo/saas/manager/pb/bbgo.pb.go:1292.42,1293.14 1 0
github.com/c9s/bbgo/saas/manager/pb/bbgo.pb.go:1293.14,1295.3 1 0
github.com/c9s/bbgo/saas/manager/pb/bbgo.pb.go:1296.2,1296.11 1 0
github.com/c9s/bbgo/saas/manager/pb/bbgo.pb.go:1299.38,1300.14 1 0
github.com/c9s/bbgo/saas/manager/pb/bbgo.pb.go:1300.14,1302.3 1 0
github.com/c9s/bbgo/saas/manager/pb/bbgo.pb.go:1303.2,1303.17 1 0
github.com/c9s/bbgo/saas/manager/pb/bbgo.pb.go:1306.41,1307.14 1 0
github.com/c9s/bbgo/saas/manager/pb/bbgo.pb.go:1307.14,1309.3 1 0
github.com/c9s/bbgo/saas/manager/pb/bbgo.pb.go:1310.2,1310.11 1 0
github.com/c9s/bbgo/saas/manager/pb/bbgo.pb.go:1313.44,1314.14 1 0
github.com/c9s/bbgo/saas/manager/pb/bbgo.pb.go:1314.14,1316.3 1 0
github.com/c9s/bbgo/saas/manager/pb/bbgo.pb.go:1317.2,1317.11 1 0
github.com/c9s/bbgo/saas/manager/pb/bbgo.pb.go:1320.45,1321.14 1 0
github.com/c9s/bbgo/saas/manager/pb/bbgo.pb.go:1321.14,1323.3 1 0
github.com/c9s/bbgo/saas/manager/pb/bbgo.pb.go:1324.2,1324.11 1 0
github.com/c9s/bbgo/saas/manager/pb/bbgo.pb.go:1327.48,1328.14 1 0
github.com/c9s/bbgo/saas/manager/pb/bbgo.pb.go:1328.14,1330.3 1 0
github.com/c9s/bbgo/saas/manager/pb/bbgo.pb.go:1331.2,1331.25 1 0
github.com/c9s/bbgo/saas/manager/pb/bbgo.pb.go:1334.49,1335.14 1 0
github.com/c9s/bbgo/saas/manager/pb/bbgo.pb.go:1335.14,1337.3 1 0
github.com/c9s/bbgo/saas/manager/pb/bbgo.pb.go:1338.2,1338.11 1 0
github.com/c9s/bbgo/saas/manager/pb/bbgo.pb.go:1341.42,1342.14 1 0
github.com/c9s/bbgo/saas/manager/pb/bbgo.pb.go:1342.14,1344.3 1 0
github.com/c9s/bbgo/saas/manager/pb/bbgo.pb.go:1345.2,1345.10 1 0
github.com/c9s/bbgo/saas/manager/pb/bbgo.pb.go:1362.27,1364.29 2 0
github.com/c9s/bbgo/saas/manager/pb/bbgo.pb.go:1364.29,1368.3 3 0
github.com/c9s/bbgo/saas/manager/pb/bbgo.pb.go:1371.35,1373.2 1 0
github.com/c9s/bbgo/saas/manager/pb/bbgo.pb.go:1375.33,1375.34 0 0
github.com/c9s/bbgo/saas/manager/pb/bbgo.pb.go:1377.55,1379.41 2 0
github.com/c9s/bbgo/saas/manager/pb/bbgo.pb.go:1379.41,1381.34 2 0
github.com/c9s/bbgo/saas/manager/pb/bbgo.pb.go:1381.34,1383.4 1 0
github.com/c9s/bbgo/saas/manager/pb/bbgo.pb.go:1384.3,1384.12 1 0
github.com/c9s/bbgo/saas/manager/pb/bbgo.pb.go:1386.2,1386.24 1 0
github.com/c9s/bbgo/saas/manager/pb/bbgo.pb.go:1390.46,1392.2 1 0
github.com/c9s/bbgo/saas/manager/pb/bbgo.pb.go:1394.39,1395.14 1 0
github.com/c9s/bbgo/saas/manager/pb/bbgo.pb.go:1395.14,1397.3 1 0
github.com/c9s/bbgo/saas/manager/pb/bbgo.pb.go:1398.2,1398.11 1 0
github.com/c9s/bbgo/saas/manager/pb/bbgo.pb.go:1401.40,1402.14 1 0
github.com/c9s/bbgo/saas/manager/pb/bbgo.pb.go:1402.14,1404.3 1 0
github.com/c9s/bbgo/saas/manager/pb/bbgo.pb.go:1405.2,1405.11 1 0
github.com/c9s/bbgo/saas/manager/pb/bbgo.pb.go:1408.40,1409.14 1 0
github.com/c9s/bbgo/saas/manager/pb/bbgo.pb.go:1409.14,1411.3 1 0
github.com/c9s/bbgo/saas/manager/pb/bbgo.pb.go:1412.2,1412.11 1 0
github.com/c9s/bbgo/saas/manager/pb/bbgo.pb.go:1415.41,1416.14 1 0
github.com/c9s/bbgo/saas/manager/pb/bbgo.pb.go:1416.14,1418.3 1 0
github.com/c9s/bbgo/saas/manager/pb/bbgo.pb.go:1419.2,1419.11 1 0
github.com/c9s/bbgo/saas/manager/pb/bbgo.pb.go:1422.38,1423.14 1 0
github.com/c9s/bbgo/saas/manager/pb/bbgo.pb.go:1423.14,1425.3 1 0
github.com/c9s/bbgo/saas/manager/pb/bbgo.pb.go:1426.2,1426.11 1 0
github.com/c9s/bbgo/saas/manager/pb/bbgo.pb.go:1429.40,1430.14 1 0
github.com/c9s/bbgo/saas/manager/pb/bbgo.pb.go:1430.14,1432.3 1 0
github.com/c9s/bbgo/saas/manager/pb/bbgo.pb.go:1433.2,1433.11 1 0
github.com/c9s/bbgo/saas/manager/pb/bbgo.pb.go:1445.38,1447.29 2 0
github.com/c9s/bbgo/saas/manager/pb/bbgo.pb.go:1447.29,1451.3 3 0
github.com/c9s/bbgo/saas/manager/pb/bbgo.pb.go:1454.46,1456.2 1 0
github.com/c9s/bbgo/saas/manager/pb/bbgo.pb.go:1458.44,1458.45 0 0
github.com/c9s/bbgo/saas/manager/pb/bbgo.pb.go:1460.66,1462.41 2 0
github.com/c9s/bbgo/saas/manager/pb/bbgo.pb.go:1462.41,1464.34 2 0
github.com/c9s/bbgo/saas/manager/pb/bbgo.pb.go:1464.34,1466.4 1 0
github.com/c9s/bbgo/saas/manager/pb/bbgo.pb.go:1467.3,1467.12 1 0
github.com/c9s/bbgo/saas/manager/pb/bbgo.pb.go:1469.2,1469.24 1 0
github.com/c9s/bbgo/saas/manager/pb/bbgo.pb.go:1473.57,1475.2 1 0
github.com/c9s/bbgo/saas/manager/pb/bbgo.pb.go:1477.50,1478.14 1 0
github.com/c9s/bbgo/saas/manager/pb/bbgo.pb.go:1478.14,1480.3 1 0
github.com/c9s/bbgo/saas/manager/pb/bbgo.pb.go:1481.2,1481.11 1 0
github.com/c9s/bbgo/saas/manager/pb/bbgo.pb.go:1484.63,1485.14 1 0
github.com/c9s/bbgo/saas/manager/pb/bbgo.pb.go:1485.14,1487.3 1 0
github.com/c9s/bbgo/saas/manager/pb/bbgo.pb.go:1488.2,1488.12 1 0
github.com/c9s/bbgo/saas/manager/pb/bbgo.pb.go:1501.39,1503.29 2 0
github.com/c9s/bbgo/saas/manager/pb/bbgo.pb.go:1503.29,1507.3 3 0
github.com/c9s/bbgo/saas/manager/pb/bbgo.pb.go:1510.47,1512.2 1 0
github.com/c9s/bbgo/saas/manager/pb/bbgo.pb.go:1514.45,1514.46 0 0
github.com/c9s/bbgo/saas/manager/pb/bbgo.pb.go:1516.67,1518.41 2 0
github.com/c9s/bbgo/saas/manager/pb/bbgo.pb.go:1518.41,1520.34 2 0
github.com/c9s/bbgo/saas/manager/pb/bbgo.pb.go:1520.34,1522.4 1 0
github.com/c9s/bbgo/saas/manager/pb/bbgo.pb.go:1523.3,1523.12 1 0
github.com/c9s/bbgo/saas/manager/pb/bbgo.pb.go:1525.2,1525.24 1 0
github.com/c9s/bbgo/saas/manager/pb/bbgo.pb.go:1529.58,1531.2 1 0
github.com/c9s/bbgo/saas/manager/pb/bbgo.pb.go:1533.51,1534.14 1 0
github.com/c9s/bbgo/saas/manager/pb/bbgo.pb.go:1534.14,1536.3 1 0
github.com/c9s/bbgo/saas/manager/pb/bbgo.pb.go:1537.2,1537.11 1 0
github.com/c9s/bbgo/saas/manager/pb/bbgo.pb.go:1540.52,1541.14 1 0
github.com/c9s/bbgo/saas/manager/pb/bbgo.pb.go:1541.14,1543.3 1 0
github.com/c9s/bbgo/saas/manager/pb/bbgo.pb.go:1544.2,1544.12 1 0
github.com/c9s/bbgo/saas/manager/pb/bbgo.pb.go:1547.49,1548.14 1 0
github.com/c9s/bbgo/saas/manager/pb/bbgo.pb.go:1548.14,1550.3 1 0
github.com/c9s/bbgo/saas/manager/pb/bbgo.pb.go:1551.2,1551.12 1 0
github.com/c9s/bbgo/saas/manager/pb/bbgo.pb.go:1564.38,1566.29 2 0
github.com/c9s/bbgo/saas/manager/pb/bbgo.pb.go:1566.29,1570.3 3 0
github.com/c9s/bbgo/saas/manager/pb/bbgo.pb.go:1573.46,1575.2 1 0
github.com/c9s/bbgo/saas/manager/pb/bbgo.pb.go:1577.44,1577.45 0 0
github.com/c9s/bbgo/saas/manager/pb/bbgo.pb.go:1579.66,1581.41 2 0
github.com/c9s/bbgo/saas/manager/pb/bbgo.pb.go:1581.41,1583.34 2 0
github.com/c9s/bbgo/saas/manager/pb/bbgo.pb.go:1583.34,1585.4 1 0
github.com/c9s/bbgo/saas/manager/pb/bbgo.pb.go:1586.3,1586.12 1 0
github.com/c9s/bbgo/saas/manager/pb/bbgo.pb.go:1588.2,1588.24 1 0
github.com/c9s/bbgo/saas/manager/pb/bbgo.pb.go:1592.57,1594.2 1 0
github.com/c9s/bbgo/saas/manager/pb/bbgo.pb.go:1596.50,1597.14 1 0
github.com/c9s/bbgo/saas/manager/pb/bbgo.pb.go:1597.14,1599.3 1 0
github.com/c9s/bbgo/saas/manager/pb/bbgo.pb.go:1600.2,1600.11 1 0
github.com/c9s/bbgo/saas/manager/pb/bbgo.pb.go:1603.50,1604.14 1 0
github.com/c9s/bbgo/saas/manager/pb/bbgo.pb.go:1604.14,1606.3 1 0
github.com/c9s/bbgo/saas/manager/pb/bbgo.pb.go:1607.2,1607.11 1 0
github.com/c9s/bbgo/saas/manager/pb/bbgo.pb.go:1610.56,1611.14 1 0
github.com/c9s/bbgo/saas/manager/pb/bbgo.pb.go:1611.14,1613.3 1 0
github.com/c9s/bbgo/saas/manager/pb/bbgo.pb.go:1614.2,1614.11 1 0
github.com/c9s/bbgo/saas/manager/pb/bbgo.pb.go:1626.39,1628.29 2 0
github.com/c9s/bbgo/saas/manager/pb/bbgo.pb.go:1628.29,1632.3 3 0
github.com/c9s/bbgo/saas/manager/pb/bbgo.pb.go:1635.47,1637.2 1 0
github.com/c9s/bbgo/saas/manager/pb/bbgo.pb.go:1639.45,1639.46 0 0
github.com/c9s/bbgo/saas/manager/pb/bbgo.pb.go:1641.67,1643.41 2 0
github.com/c9s/bbgo/saas/manager/pb/bbgo.pb.go:1643.41,1645.34 2 0
github.com/c9s/bbgo/saas/manager/pb/bbgo.pb.go:1645.34,1647.4 1 0
github.com/c9s/bbgo/saas/manager/pb/bbgo.pb.go:1648.3,1648.12 1 0
github.com/c9s/bbgo/saas/manager/pb/bbgo.pb.go:1650.2,1650.24 1 0
github.com/c9s/bbgo/saas/manager/pb/bbgo.pb.go:1654.58,1656.2 1 0
github.com/c9s/bbgo/saas/manager/pb/bbgo.pb.go:1658.49,1659.14 1 0
github.com/c9s/bbgo/saas/manager/pb/bbgo.pb.go:1659.14,1661.3 1 0
github.com/c9s/bbgo/saas/manager/pb/bbgo.pb.go:1662.2,1662.12 1 0
github.com/c9s/bbgo/saas/manager/pb/bbgo.pb.go:1665.49,1666.14 1 0
github.com/c9s/bbgo/saas/manager/pb/bbgo.pb.go:1666.14,1668.3 1 0
github.com/c9s/bbgo/saas/manager/pb/bbgo.pb.go:1669.2,1669.12 1 0
github.com/c9s/bbgo/saas/manager/pb/bbgo.pb.go:1682.37,1684.29 2 0
github.com/c9s/bbgo/saas/manager/pb/bbgo.pb.go:1684.29,1688.3 3 0
github.com/c9s/bbgo/saas/manager/pb/bbgo.pb.go:1691.45,1693.2 1 0
github.com/c9s/bbgo/saas/manager/pb/bbgo.pb.go:1695.43,1695.44 0 0
github.com/c9s/bbgo/saas/manager/pb/bbgo.pb.go:1697.65,1699.41 2 0
github.com/c9s/bbgo/saas/manager/pb/bbgo.pb.go:1699.41,1701.34 2 0
github.com/c9s/bbgo/saas/manager/pb/bbgo.pb.go:1701.34,1703.4 1 0
github.com/c9s/bbgo/saas/manager/pb/bbgo.pb.go:1704.3,1704.12 1 0
github.com/c9s/bbgo/saas/manager/pb/bbgo.pb.go:1706.2,1706.24 1 0
github.com/c9s/bbgo/saas/manager/pb/bbgo.pb.go:1710.56,1712.2 1 0
github.com/c9s/bbgo/saas/manager/pb/bbgo.pb.go:1714.49,1715.14 1 0
github.com/c9s/bbgo/saas/manager/pb/bbgo.pb.go:1715.14,1717.3 1 0
github.com/c9s/bbgo/saas/manager/pb/bbgo.pb.go:1718.2,1718.11 1 0
github.com/c9s/bbgo/saas/manager/pb/bbgo.pb.go:1721.44,1722.14 1 0
github.com/c9s/bbgo/saas/manager/pb/bbgo.pb.go:1722.14,1724.3 1 0
github.com/c9s/bbgo/saas/manager/pb/bbgo.pb.go:1725.2,1725.11 1 0
github.com/c9s/bbgo/saas/manager/pb/bbgo.pb.go:1728.55,1729.14 1 0
github.com/c9s/bbgo/saas/manager/pb/bbgo.pb.go:1729.14,1731.3 1 0
github.com/c9s/bbgo/saas/manager/pb/bbgo.pb.go:1732.2,1732.11 1 0
github.com/c9s/bbgo/saas/manager/pb/bbgo.pb.go:1744.38,1746.29 2 0
github.com/c9s/bbgo/saas/manager/pb/bbgo.pb.go:1746.29,1750.3 3 0
github.com/c9s/bbgo/saas/manager/pb/bbgo.pb.go:1753.46,1755.2 1 0
github.com/c9s/bbgo/saas/manager/pb/bbgo.pb.go:1757.44,1757.45 0 0
github.com/c9s/bbgo/saas/manager/pb/bbgo.pb.go:1759.66,1761.41 2 0
github.com/c9s/bbgo/saas/manager/pb/bbgo.pb.go:1761.41,1763.34 2 0
github.com/c9s/bbgo/saas/manager/pb/bbgo.pb.go:1763.34,1765.4 1 0
github.com/c9s/bbgo/saas/manager/pb/bbgo.pb.go:1766.3,1766.12 1 0
github.com/c9s/bbgo/saas/manager/pb/bbgo.pb.go:1768.2,1768.24 1 0
github.com/c9s/bbgo/saas/manager/pb/bbgo.pb.go:1772.57,1774.2 1 0
github.com/c9s/bbgo/saas/manager/pb/bbgo.pb.go:1776.48,1777.14 1 0
github.com/c9s/bbgo/saas/manager/pb/bbgo.pb.go:1777.14,1779.3 1 0
github.com/c9s/bbgo/saas/manager/pb/bbgo.pb.go:1780.2,1780.12 1 0
github.com/c9s/bbgo/saas/manager/pb/bbgo.pb.go:1783.48,1784.14 1 0
github.com/c9s/bbgo/saas/manager/pb/bbgo.pb.go:1784.14,1786.3 1 0
github.com/c9s/bbgo/saas/manager/pb/bbgo.pb.go:1787.2,1787.12 1 0
github.com/c9s/bbgo/saas/manager/pb/bbgo.pb.go:1806.38,1808.29 2 0
github.com/c9s/bbgo/saas/manager/pb/bbgo.pb.go:1808.29,1812.3 3 0
github.com/c9s/bbgo/saas/manager/pb/bbgo.pb.go:1815.46,1817.2 1 0
github.com/c9s/bbgo/saas/manager/pb/bbgo.pb.go:1819.44,1819.45 0 0
github.com/c9s/bbgo/saas/manager/pb/bbgo.pb.go:1821.66,1823.41 2 0
github.com/c9s/bbgo/saas/manager/pb/bbgo.pb.go:1823.41,1825.34 2 0
github.com/c9s/bbgo/saas/manager/pb/bbgo.pb.go:1825.34,1827.4 1 0
github.com/c9s/bbgo/saas/manager/pb/bbgo.pb.go:1828.3,1828.12 1 0
github.com/c9s/bbgo/saas/manager/pb/bbgo.pb.go:1830.2,1830.24 1 0
github.com/c9s/bbgo/saas/manager/pb/bbgo.pb.go:1834.57,1836.2 1 0
github.com/c9s/bbgo/saas/manager/pb/bbgo.pb.go:1838.50,1839.14 1 0
github.com/c9s/bbgo/saas/manager/pb/bbgo.pb.go:1839.14,1841.3 1 0
github.com/c9s/bbgo/saas/manager/pb/bbgo.pb.go:1842.2,1842.11 1 0
github.com/c9s/bbgo/saas/manager/pb/bbgo.pb.go:1845.49,1846.14 1 0
github.com/c9s/bbgo/saas/manager/pb/bbgo.pb.go:1846.14,1848.3 1 0
github.com/c9s/bbgo/saas/manager/pb/bbgo.pb.go:1849.2,1849.11 1 0
github.com/c9s/bbgo/saas/manager/pb/bbgo.pb.go:1852.50,1853.14 1 0
github.com/c9s/bbgo/saas/manager/pb/bbgo.pb.go:1853.14,1855.3 1 0
github.com/c9s/bbgo/saas/manager/pb/bbgo.pb.go:1856.2,1856.12 1 0
github.com/c9s/bbgo/saas/manager/pb/bbgo.pb.go:1859.50,1860.14 1 0
github.com/c9s/bbgo/saas/manager/pb/bbgo.pb.go:1860.14,1862.3 1 0
github.com/c9s/bbgo/saas/manager/pb/bbgo.pb.go:1863.2,1863.11 1 0
github.com/c9s/bbgo/saas/manager/pb/bbgo.pb.go:1866.49,1867.14 1 0
github.com/c9s/bbgo/saas/manager/pb/bbgo.pb.go:1867.14,1869.3 1 0
github.com/c9s/bbgo/saas/manager/pb/bbgo.pb.go:1870.2,1870.10 1 0
github.com/c9s/bbgo/saas/manager/pb/bbgo.pb.go:1873.51,1874.14 1 0
github.com/c9s/bbgo/saas/manager/pb/bbgo.pb.go:1874.14,1876.3 1 0
github.com/c9s/bbgo/saas/manager/pb/bbgo.pb.go:1877.2,1877.14 1 0
github.com/c9s/bbgo/saas/manager/pb/bbgo.pb.go:1880.46,1881.14 1 0
github.com/c9s/bbgo/saas/manager/pb/bbgo.pb.go:1881.14,1883.3 1 0
github.com/c9s/bbgo/saas/manager/pb/bbgo.pb.go:1884.2,1884.10 1 0
github.com/c9s/bbgo/saas/manager/pb/bbgo.pb.go:1887.47,1888.14 1 0
github.com/c9s/bbgo/saas/manager/pb/bbgo.pb.go:1888.14,1890.3 1 0
github.com/c9s/bbgo/saas/manager/pb/bbgo.pb.go:1891.2,1891.10 1 0
github.com/c9s/bbgo/saas/manager/pb/bbgo.pb.go:1894.48,1895.14 1 0
github.com/c9s/bbgo/saas/manager/pb/bbgo.pb.go:1895.14,1897.3 1 0
github.com/c9s/bbgo/saas/manager/pb/bbgo.pb.go:1898.2,1898.10 1 0
github.com/c9s/bbgo/saas/manager/pb/bbgo.pb.go:1910.39,1912.29 2 0
github.com/c9s/bbgo/saas/manager/pb/bbgo.pb.go:1912.29,1916.3 3 0
github.com/c9s/bbgo/saas/manager/pb/bbgo.pb.go:1919.47,1921.2 1 0
github.com/c9s/bbgo/saas/manager/pb/bbgo.pb.go:1923.45,1923.46 0 0
github.com/c9s/bbgo/saas/manager/pb/bbgo.pb.go:1925.67,1927.41 2 0
github.com/c9s/bbgo/saas/manager/pb/bbgo.pb.go:1927.41,1929.34 2 0
github.com/c9s/bbgo/saas/manager/pb/bbgo.pb.go:1929.34,1931.4 1 0
github.com/c9s/bbgo/saas/manager/pb/bbgo.pb.go:1932.3,1932.12 1 0
github.com/c9s/bbgo/saas/manager/pb/bbgo.pb.go:1934.2,1934.24 1 0
github.com/c9s/bbgo/saas/manager/pb/bbgo.pb.go:1938.58,1940.2 1 0
github.com/c9s/bbgo/saas/manager/pb/bbgo.pb.go:1942.52,1943.14 1 0
github.com/c9s/bbgo/saas/manager/pb/bbgo.pb.go:1943.14,1945.3 1 0
github.com/c9s/bbgo/saas/manager/pb/bbgo.pb.go:1946.2,1946.12 1 0
github.com/c9s/bbgo/saas/manager/pb/bbgo.pb.go:1949.49,1950.14 1 0
github.com/c9s/bbgo/saas/manager/pb/bbgo.pb.go:1950.14,1952.3 1 0
github.com/c9s/bbgo/saas/manager/pb/bbgo.pb.go:1953.2,1953.12 1 0
github.com/c9s/bbgo/saas/manager/pb/bbgo.pb.go:1973.38,1975.29 2 0
github.com/c9s/bbgo/saas/manager/pb/bbgo.pb.go:1975.29,1979.3 3 0
github.com/c9s/bbgo/saas/manager/pb/bbgo.pb.go:1982.46,1984.2 1 0
github.com/c9s/bbgo/saas/manager/pb/bbgo.pb.go:1986.44,1986.45 0 0
github.com/c9s/bbgo/saas/manager/pb/bbgo.pb.go:1988.66,1990.41 2 0
github.com/c9s/bbgo/saas/manager/pb/bbgo.pb.go:1990.41,1992.34 2 0
github.com/c9s/bbgo/saas/manager/pb/bbgo.pb.go:1992.34,1994.4 1 0
github.com/c9s/bbgo/saas/manager/pb/bbgo.pb.go:1995.3,1995.12 1 0
github.com/c9s/bbgo/saas/manager/pb/bbgo.pb.go:1997.2,1997.24 1 0
github.com/c9s/bbgo/saas/manager/pb/bbgo.pb.go:2001.57,2003.2 1 0
github.com/c9s/bbgo/saas/manager/pb/bbgo.pb.go:2005.51,2006.14 1 0
github.com/c9s/bbgo/saas/manager/pb/bbgo.pb.go:2006.14,2008.3 1 0
github.com/c9s/bbgo/saas/manager/pb/bbgo.pb.go:2009.2,2009.11 1 0
github.com/c9s/bbgo/saas/manager/pb/bbgo.pb.go:2012.49,2013.14 1 0
github.com/c9s/bbgo/saas/manager/pb/bbgo.pb.go:2013.14,2015.3 1 0
github.com/c9s/bbgo/saas/manager/pb/bbgo.pb.go:2016.2,2016.11 1 0
github.com/c9s/bbgo/saas/manager/pb/bbgo.pb.go:2019.51,2020.14 1 0
github.com/c9s/bbgo/saas/manager/pb/bbgo.pb.go:2020.14,2022.3 1 0
github.com/c9s/bbgo/saas/manager/pb/bbgo.pb.go:2023.2,2023.10 1 0
github.com/c9s/bbgo/saas/manager/pb/bbgo.pb.go:2026.46,2027.14 1 0
github.com/c9s/bbgo/saas/manager/pb/bbgo.pb.go:2027.14,2029.3 1 0
github.com/c9s/bbgo/saas/manager/pb/bbgo.pb.go:2030.2,2030.10 1 0
github.com/c9s/bbgo/saas/manager/pb/bbgo.pb.go:2033.44,2034.14 1 0
github.com/c9s/bbgo/saas/manager/pb/bbgo.pb.go:2034.14,2036.3 1 0
github.com/c9s/bbgo/saas/manager/pb/bbgo.pb.go:2037.2,2037.10 1 0
github.com/c9s/bbgo/saas/manager/pb/bbgo.pb.go:2040.50,2041.14 1 0
github.com/c9s/bbgo/saas/manager/pb/bbgo.pb.go:2041.14,2043.3 1 0
github.com/c9s/bbgo/saas/manager/pb/bbgo.pb.go:2044.2,2044.11 1 0
github.com/c9s/bbgo/saas/manager/pb/bbgo.pb.go:2047.51,2048.14 1 0
github.com/c9s/bbgo/saas/manager/pb/bbgo.pb.go:2048.14,2050.3 1 0
github.com/c9s/bbgo/saas/manager/pb/bbgo.pb.go:2051.2,2051.14 1 0
github.com/c9s/bbgo/saas/manager/pb/bbgo.pb.go:2054.46,2055.14 1 0
github.com/c9s/bbgo/saas/manager/pb/bbgo.pb.go:2055.14,2057.3 1 0
github.com/c9s/bbgo/saas/manager/pb/bbgo.pb.go:2058.2,2058.10 1 0
github.com/c9s/bbgo/saas/manager/pb/bbgo.pb.go:2061.47,2062.14 1 0
github.com/c9s/bbgo/saas/manager/pb/bbgo.pb.go:2062.14,2064.3 1 0
github.com/c9s/bbgo/saas/manager/pb/bbgo.pb.go:2065.2,2065.10 1 0
github.com/c9s/bbgo/saas/manager/pb/bbgo.pb.go:2068.48,2069.14 1 0
github.com/c9s/bbgo/saas/manager/pb/bbgo.pb.go:2069.14,2071.3 1 0
github.com/c9s/bbgo/saas/manager/pb/bbgo.pb.go:2072.2,2072.10 1 0
github.com/c9s/bbgo/saas/manager/pb/bbgo.pb.go:2084.39,2086.29 2 0
github.com/c9s/bbgo/saas/manager/pb/bbgo.pb.go:2086.29,2090.3 3 0
github.com/c9s/bbgo/saas/manager/pb/bbgo.pb.go:2093.47,2095.2 1 0
github.com/c9s/bbgo/saas/manager/pb/bbgo.pb.go:2097.45,2097.46 0 0
github.com/c9s/bbgo/saas/manager/pb/bbgo.pb.go:2099.67,2101.41 2 0
github.com/c9s/bbgo/saas/manager/pb/bbgo.pb.go:2101.41,2103.34 2 0
github.com/c9s/bbgo/saas/manager/pb/bbgo.pb.go:2103.34,2105.4 1 0
github.com/c9s/bbgo/saas/manager/pb/bbgo.pb.go:2106.3,2106.12 1 0
github.com/c9s/bbgo/saas/manager/pb/bbgo.pb.go:2108.2,2108.24 1 0
github.com/c9s/bbgo/saas/manager/pb/bbgo.pb.go:2112.58,2114.2 1 0
github.com/c9s/bbgo/saas/manager/pb/bbgo.pb.go:2116.52,2117.14 1 0
github.com/c9s/bbgo/saas/manager/pb/bbgo.pb.go:2117.14,2119.3 1 0
github.com/c9s/bbgo/saas/manager/pb/bbgo.pb.go:2120.2,2120.12 1 0
github.com/c9s/bbgo/saas/manager/pb/bbgo.pb.go:2123.49,2124.14 1 0
github.com/c9s/bbgo/saas/manager/pb/bbgo.pb.go:2124.14,2126.3 1 0
github.com/c9s/bbgo/saas/manager/pb/bbgo.pb.go:2127.2,2127.12 1 0
github.com/c9s/bbgo/saas/manager/pb/bbgo.pb.go:2143.38,2145.29 2 0
github.com/c9s/bbgo/saas/manager/pb/bbgo.pb.go:2145.29,2149.3 3 0
github.com/c9s/bbgo/saas/manager/pb/bbgo.pb.go:2152.46,2154.2 1 0
github.com/c9s/bbgo/saas/manager/pb/bbgo.pb.go:2156.44,2156.45 0 0
github.com/c9s/bbgo/saas/manager/pb/bbgo.pb.go:2158.66,2160.41 2 0
github.com/c9s/bbgo/saas/manager/pb/bbgo.pb.go:2160.41,2162.34 2 0
github.com/c9s/bbgo/saas/manager/pb/bbgo.pb.go:2162.34,2164.4 1 0
github.com/c9s/bbgo/saas/manager/pb/bbgo.pb.go:2165.3,2165.12 1 0
github.com/c9s/bbgo/saas/manager/pb/bbgo.pb.go:2167.2,2167.24 1 0
github.com/c9s/bbgo/saas/manager/pb/bbgo.pb.go:2171.57,2173.2 1 0
github.com/c9s/bbgo/saas/manager/pb/bbgo.pb.go:2175.51,2176.14 1 0
github.com/c9s/bbgo/saas/manager/pb/bbgo.pb.go:2176.14,2178.3 1 0
github.com/c9s/bbgo/saas/manager/pb/bbgo.pb.go:2179.2,2179.11 1 0
github.com/c9s/bbgo/saas/manager/pb/bbgo.pb.go:2182.49,2183.14 1 0
github.com/c9s/bbgo/saas/manager/pb/bbgo.pb.go:2183.14,2185.3 1 0
github.com/c9s/bbgo/saas/manager/pb/bbgo.pb.go:2186.2,2186.11 1 0
github.com/c9s/bbgo/saas/manager/pb/bbgo.pb.go:2189.51,2190.14 1 0
github.com/c9s/bbgo/saas/manager/pb/bbgo.pb.go:2190.14,2192.3 1 0
github.com/c9s/bbgo/saas/manager/pb/bbgo.pb.go:2193.2,2193.11 1 0
github.com/c9s/bbgo/saas/manager/pb/bbgo.pb.go:2196.51,2197.14 1 0
github.com/c9s/bbgo/saas/manager/pb/bbgo.pb.go:2197.14,2199.3 1 0
github.com/c9s/bbgo/saas/manager/pb/bbgo.pb.go:2200.2,2200.10 1 0
github.com/c9s/bbgo/saas/manager/pb/bbgo.pb.go:2203.49,2204.14 1 0
github.com/c9s/bbgo/saas/manager/pb/bbgo.pb.go:2204.14,2206.3 1 0
github.com/c9s/bbgo/saas/manager/pb/bbgo.pb.go:2207.2,2207.10 1 0
github.com/c9s/bbgo/saas/manager/pb/bbgo.pb.go:2210.47,2211.14 1 0
github.com/c9s/bbgo/saas/manager/pb/bbgo.pb.go:2211.14,2213.3 1 0
github.com/c9s/bbgo/saas/manager/pb/bbgo.pb.go:2214.2,2214.10 1 0
github.com/c9s/bbgo/saas/manager/pb/bbgo.pb.go:2226.39,2228.29 2 0
github.com/c9s/bbgo/saas/manager/pb/bbgo.pb.go:2228.29,2232.3 3 0
github.com/c9s/bbgo/saas/manager/pb/bbgo.pb.go:2235.47,2237.2 1 0
github.com/c9s/bbgo/saas/manager/pb/bbgo.pb.go:2239.45,2239.46 0 0
github.com/c9s/bbgo/saas/manager/pb/bbgo.pb.go:2241.67,2243.41 2 0
github.com/c9s/bbgo/saas/manager/pb/bbgo.pb.go:2243.41,2245.34 2 0
github.com/c9s/bbgo/saas/manager/pb/bbgo.pb.go:2245.34,2247.4 1 0
github.com/c9s/bbgo/saas/manager/pb/bbgo.pb.go:2248.3,2248.12 1 0
github.com/c9s/bbgo/saas/manager/pb/bbgo.pb.go:2250.2,2250.24 1 0
github.com/c9s/bbgo/saas/manager/pb/bbgo.pb.go:2254.58,2256.2 1 0
github.com/c9s/bbgo/saas/manager/pb/bbgo.pb.go:2258.52,2259.14 1 0
github.com/c9s/bbgo/saas/manager/pb/bbgo.pb.go:2259.14,2261.3 1 0
github.com/c9s/bbgo/saas/manager/pb/bbgo.pb.go:2262.2,2262.12 1 0
github.com/c9s/bbgo/saas/manager/pb/bbgo.pb.go:2265.49,2266.14 1 0
github.com/c9s/bbgo/saas/manager/pb/bbgo.pb.go:2266.14,2268.3 1 0
github.com/c9s/bbgo/saas/manager/pb/bbgo.pb.go:2269.2,2269.12 1 0
github.com/c9s/bbgo/saas/manager/pb/bbgo.pb.go:2291.25,2293.29 2 0
github.com/c9s/bbgo/saas/manager/pb/bbgo.pb.go:2293.29,2297.3 3 0
github.com/c9s/bbgo/saas/manager/pb/bbgo.pb.go:2300.33,2302.2 1 0
github.com/c9s/bbgo/saas/manager/pb/bbgo.pb.go:2304.31,2304.32 0 0
github.com/c9s/bbgo/saas/manager/pb/bbgo.pb.go:2306.53,2308.41 2 0
github.com/c9s/bbgo/saas/manager/pb/bbgo.pb.go:2308.41,2310.34 2 0
github.com/c9s/bbgo/saas/manager/pb/bbgo.pb.go:2310.34,2312.4 1 0
github.com/c9s/bbgo/saas/manager/pb/bbgo.pb.go:2313.3,2313.12 1 0
github.com/c9s/bbgo/saas/manager/pb/bbgo.pb.go:2315.2,2315.24 1 0
github.com/c9s/bbgo/saas/manager/pb/bbgo.pb.go:2319.44,2321.2 1 0
github.com/c9s/bbgo/saas/manager/pb/bbgo.pb.go:2323.37,2324.14 1 0
github.com/c9s/bbgo/saas/manager/pb/bbgo.pb.go:2324.14,2326.3 1 0
github.com/c9s/bbgo/saas/manager/pb/bbgo.pb.go:2327.2,2327.11 1 0
github.com/c9s/bbgo/saas/manager/pb/bbgo.pb.go:2330.38,2331.14 1 0
github.com/c9s/bbgo/saas/manager/pb/bbgo.pb.go:2331.14,2333.3 1 0
github.com/c9s/bbgo/saas/manager/pb/bbgo.pb.go:2334.2,2334.11 1 0
github.com/c9s/bbgo/saas/manager/pb/bbgo.pb.go:2337.36,2338.14 1 0
github.com/c9s/bbgo/saas/manager/pb/bbgo.pb.go:2338.14,2340.3 1 0
github.com/c9s/bbgo/saas/manager/pb/bbgo.pb.go:2341.2,2341.11 1 0
github.com/c9s/bbgo/saas/manager/pb/bbgo.pb.go:2344.34,2345.14 1 0
github.com/c9s/bbgo/saas/manager/pb/bbgo.pb.go:2345.14,2347.3 1 0
github.com/c9s/bbgo/saas/manager/pb/bbgo.pb.go:2348.2,2348.11 1 0
github.com/c9s/bbgo/saas/manager/pb/bbgo.pb.go:2351.34,2352.14 1 0
github.com/c9s/bbgo/saas/manager/pb/bbgo.pb.go:2352.14,2354.3 1 0
github.com/c9s/bbgo/saas/manager/pb/bbgo.pb.go:2355.2,2355.11 1 0
github.com/c9s/bbgo/saas/manager/pb/bbgo.pb.go:2358.33,2359.14 1 0
github.com/c9s/bbgo/saas/manager/pb/bbgo.pb.go:2359.14,2361.3 1 0
github.com/c9s/bbgo/saas/manager/pb/bbgo.pb.go:2362.2,2362.11 1 0
github.com/c9s/bbgo/saas/manager/pb/bbgo.pb.go:2365.35,2366.14 1 0
github.com/c9s/bbgo/saas/manager/pb/bbgo.pb.go:2366.14,2368.3 1 0
github.com/c9s/bbgo/saas/manager/pb/bbgo.pb.go:2369.2,2369.11 1 0
github.com/c9s/bbgo/saas/manager/pb/bbgo.pb.go:2372.36,2373.14 1 0
github.com/c9s/bbgo/saas/manager/pb/bbgo.pb.go:2373.14,2375.3 1 0
github.com/c9s/bbgo/saas/manager/pb/bbgo.pb.go:2376.2,2376.11 1 0
github.com/c9s/bbgo/saas/manager/pb/bbgo.pb.go:2379.41,2380.14 1 0
github.com/c9s/bbgo/saas/manager/pb/bbgo.pb.go:2380.14,2382.3 1 0
github.com/c9s/bbgo/saas/manager/pb/bbgo.pb.go:2383.2,2383.11 1 0
github.com/c9s/bbgo/saas/manager/pb/bbgo.pb.go:2386.38,2387.14 1 0
github.com/c9s/bbgo/saas/manager/pb/bbgo.pb.go:2387.14,2389.3 1 0
github.com/c9s/bbgo/saas/manager/pb/bbgo.pb.go:2390.2,2390.10 1 0
github.com/c9s/bbgo/saas/manager/pb/bbgo.pb.go:2393.36,2394.14 1 0
github.com/c9s/bbgo/saas/manager/pb/bbgo.pb.go:2394.14,2396.3 1 0
github.com/c9s/bbgo/saas/manager/pb/bbgo.pb.go:2397.2,2397.10 1 0
github.com/c9s/bbgo/saas/manager/pb/bbgo.pb.go:2400.34,2401.14 1 0
github.com/c9s/bbgo/saas/manager/pb/bbgo.pb.go:2401.14,2403.3 1 0
github.com/c9s/bbgo/saas/manager/pb/bbgo.pb.go:2404.2,2404.14 1 0
github.com/c9s/bbgo/saas/manager/pb/bbgo.pb.go:2758.50,2759.47 1 0
github.com/c9s/bbgo/saas/manager/pb/bbgo.pb.go:2759.47,2761.3 1 0
github.com/c9s/bbgo/saas/manager/pb/bbgo.pb.go:2762.2,2762.43 1 0
github.com/c9s/bbgo/saas/manager/pb/bbgo.pb.go:2858.13,2858.46 1 0
github.com/c9s/bbgo/saas/manager/pb/bbgo.pb.go:2859.36,2860.35 1 0
github.com/c9s/bbgo/saas/manager/pb/bbgo.pb.go:2860.35,2862.3 1 0
github.com/c9s/bbgo/saas/manager/pb/bbgo.pb.go:2863.2,2863.30 1 0
github.com/c9s/bbgo/saas/manager/pb/bbgo.pb.go:2863.30,2864.88 1 0
github.com/c9s/bbgo/saas/manager/pb/bbgo.pb.go:2864.88,2865.30 1 0
github.com/c9s/bbgo/saas/manager/pb/bbgo.pb.go:2866.11,2867.20 1 0
github.com/c9s/bbgo/saas/manager/pb/bbgo.pb.go:2868.11,2869.24 1 0
github.com/c9s/bbgo/saas/manager/pb/bbgo.pb.go:2870.11,2871.28 1 0
github.com/c9s/bbgo/saas/manager/pb/bbgo.pb.go:2872.12,2873.15 1 0
github.com/c9s/bbgo/saas/manager/pb/bbgo.pb.go:2876.3,2876.88 1 0
github.com/c9s/bbgo/saas/manager/pb/bbgo.pb.go:2876.88,2877.30 1 0
github.com/c9s/bbgo/saas/manager/pb/bbgo.pb.go:2878.11,2879.20 1 0
github.com/c9s/bbgo/saas/manager/pb/bbgo.pb.go:2880.11,2881.24 1 0
github.com/c9s/bbgo/saas/manager/pb/bbgo.pb.go:2882.11,2883.28 1 0
github.com/c9s/bbgo/saas/manager/pb/bbgo.pb.go:2884.12,2885.15 1 0
github.com/c9s/bbgo/saas/manager/pb/bbgo.pb.go:2888.3,2888.88 1 0
github.com/c9s/bbgo/saas/manager/pb/bbgo.pb.go:2888.88,2889.40 1 0
github.com/c9s/bbgo/saas/manager/pb/bbgo.pb.go:2890.11,2891.20 1 0
github.com/c9s/bbgo/saas/manager/pb/bbgo.pb.go:2892.11,2893.24 1 0
github.com/c9s/bbgo/saas/manager/pb/bbgo.pb.go:2894.11,2895.28 1 0
github.com/c9s/bbgo/saas/manager/pb/bbgo.pb.go:2896.12,2897.15 1 0
github.com/c9s/bbgo/saas/manager/pb/bbgo.pb.go:2900.3,2900.88 1 0
github.com/c9s/bbgo/saas/manager/pb/bbgo.pb.go:2900.88,2901.33 1 0
github.com/c9s/bbgo/saas/manager/pb/bbgo.pb.go:2902.11,2903.20 1 0
github.com/c9s/bbgo/saas/manager/pb/bbgo.pb.go:2904.11,2905.24 1 0
github.com/c9s/bbgo/saas/manager/pb/bbgo.pb.go:2906.11,2907.28 1 0
github.com/c9s/bbgo/saas/manager/pb/bbgo.pb.go:2908.12,2909.15 1 0
github.com/c9s/bbgo/saas/manager/pb/bbgo.pb.go:2912.3,2912.88 1 0
github.com/c9s/bbgo/saas/manager/pb/bbgo.pb.go:2912.88,2913.41 1 0
github.com/c9s/bbgo/saas/manager/pb/bbgo.pb.go:2914.11,2915.20 1 0
github.com/c9s/bbgo/saas/manager/pb/bbgo.pb.go:2916.11,2917.24 1 0
github.com/c9s/bbgo/saas/manager/pb/bbgo.pb.go:2918.11,2919.28 1 0
github.com/c9s/bbgo/saas/manager/pb/bbgo.pb.go:2920.12,2921.15 1 0
github.com/c9s/bbgo/saas/manager/pb/bbgo.pb.go:2924.3,2924.88 1 0
github.com/c9s/bbgo/saas/manager/pb/bbgo.pb.go:2924.88,2925.37 1 0
github.com/c9s/bbgo/saas/manager/pb/bbgo.pb.go:2926.11,2927.20 1 0
github.com/c9s/bbgo/saas/manager/pb/bbgo.pb.go:2928.11,2929.24 1 0
github.com/c9s/bbgo/saas/manager/pb/bbgo.pb.go:2930.11,2931.28 1 0
github.com/c9s/bbgo/saas/manager/pb/bbgo.pb.go:2932.12,2933.15 1 0
github.com/c9s/bbgo/saas/manager/pb/bbgo.pb.go:2936.3,2936.88 1 0
github.com/c9s/bbgo/saas/manager/pb/bbgo.pb.go:2936.88,2937.35 1 0
github.com/c9s/bbgo/saas/manager/pb/bbgo.pb.go:2938.11,2939.20 1 0
github.com/c9s/bbgo/saas/manager/pb/bbgo.pb.go:2940.11,2941.24 1 0
github.com/c9s/bbgo/saas/manager/pb/bbgo.pb.go:2942.11,2943.28 1 0
github.com/c9s/bbgo/saas/manager/pb/bbgo.pb.go:2944.12,2945.15 1 0
github.com/c9s/bbgo/saas/manager/pb/bbgo.pb.go:2948.3,2948.88 1 0
github.com/c9s/bbgo/saas/manager/pb/bbgo.pb.go:2948.88,2949.30 1 0
github.com/c9s/bbgo/saas/manager/pb/bbgo.pb.go:2950.11,2951.20 1 0
github.com/c9s/bbgo/saas/manager/pb/bbgo.pb.go:2952.11,2953.24 1 0
github.com/c9s/bbgo/saas/manager/pb/bbgo.pb.go:2954.11,2955.28 1 0
github.com/c9s/bbgo/saas/manager/pb/bbgo.pb.go:2956.12,2957.15 1 0
github.com/c9s/bbgo/saas/manager/pb/bbgo.pb.go:2960.3,2960.88 1 0
github.com/c9s/bbgo/saas/manager/pb/bbgo.pb.go:2960.88,2961.36 1 0
github.com/c9s/bbgo/saas/manager/pb/bbgo.pb.go:2962.11,2963.20 1 0
github.com/c9s/bbgo/saas/manager/pb/bbgo.pb.go:2964.11,2965.24 1 0
github.com/c9s/bbgo/saas/manager/pb/bbgo.pb.go:2966.11,2967.28 1 0
github.com/c9s/bbgo/saas/manager/pb/bbgo.pb.go:2968.12,2969.15 1 0
github.com/c9s/bbgo/saas/manager/pb/bbgo.pb.go:2972.3,2972.88 1 0
github.com/c9s/bbgo/saas/manager/pb/bbgo.pb.go:2972.88,2973.30 1 0
github.com/c9s/bbgo/saas/manager/pb/bbgo.pb.go:2974.11,2975.20 1 0
github.com/c9s/bbgo/saas/manager/pb/bbgo.pb.go:2976.11,2977.24 1 0
github.com/c9s/bbgo/saas/manager/pb/bbgo.pb.go:2978.11,2979.28 1 0
github.com/c9s/bbgo/saas/manager/pb/bbgo.pb.go:2980.12,2981.15 1 0
github.com/c9s/bbgo/saas/manager/pb/bbgo.pb.go:2984.3,2984.89 1 0
github.com/c9s/bbgo/saas/manager/pb/bbgo.pb.go:2984.89,2985.31 1 0
github.com/c9s/bbgo/saas/manager/pb/bbgo.pb.go:2986.11,2987.20 1 0
github.com/c9s/bbgo/saas/manager/pb/bbgo.pb.go:2988.11,2989.24 1 0
github.com/c9s/bbgo/saas/manager/pb/bbgo.pb.go:2990.11,2991.28 1 0
github.com/c9s/bbgo/saas/manager/pb/bbgo.pb.go:2992.12,2993.15 1 0
github.com/c9s/bbgo/saas/manager/pb/bbgo.pb.go:2996.3,2996.89 1 0
github.com/c9s/bbgo/saas/manager/pb/bbgo.pb.go:2996.89,2997.30 1 0
github.com/c9s/bbgo/saas/manager/pb/bbgo.pb.go:2998.11,2999.20 1 0
github.com/c9s/bbgo/saas/manager/pb/bbgo.pb.go:3000.11,3001.24 1 0
github.com/c9s/bbgo/saas/manager/pb/bbgo.pb.go:3002.11,3003.28 1 0
github.com/c9s/bbgo/saas/manager/pb/bbgo.pb.go:3004.12,3005.15 1 0
github.com/c9s/bbgo/saas/manager/pb/bbgo.pb.go:3008.3,3008.89 1 0
github.com/c9s/bbgo/saas/manager/pb/bbgo.pb.go:3008.89,3009.36 1 0
github.com/c9s/bbgo/saas/manager/pb/bbgo.pb.go:3010.11,3011.20 1 0
github.com/c9s/bbgo/saas/manager/pb/bbgo.pb.go:3012.11,3013.24 1 0
github.com/c9s/bbgo/saas/manager/pb/bbgo.pb.go:3014.11,3015.28 1 0
github.com/c9s/bbgo/saas/manager/pb/bbgo.pb.go:3016.12,3017.15 1 0
github.com/c9s/bbgo/saas/manager/pb/bbgo.pb.go:3020.3,3020.89 1 0
github.com/c9s/bbgo/saas/manager/pb/bbgo.pb.go:3020.89,3021.32 1 0
github.com/c9s/bbgo/saas/manager/pb/bbgo.pb.go:3022.11,3023.20 1 0
github.com/c9s/bbgo/saas/manager/pb/bbgo.pb.go:3024.11,3025.24 1 0
github.com/c9s/bbgo/saas/manager/pb/bbgo.pb.go:3026.11,3027.28 1 0
github.com/c9s/bbgo/saas/manager/pb/bbgo.pb.go:3028.12,3029.15 1 0
github.com/c9s/bbgo/saas/manager/pb/bbgo.pb.go:3032.3,3032.89 1 0
github.com/c9s/bbgo/saas/manager/pb/bbgo.pb.go:3032.89,3033.43 1 0
github.com/c9s/bbgo/saas/manager/pb/bbgo.pb.go:3034.11,3035.20 1 0
github.com/c9s/bbgo/saas/manager/pb/bbgo.pb.go:3036.11,3037.24 1 0
github.com/c9s/bbgo/saas/manager/pb/bbgo.pb.go:3038.11,3039.28 1 0
github.com/c9s/bbgo/saas/manager/pb/bbgo.pb.go:3040.12,3041.15 1 0
github.com/c9s/bbgo/saas/manager/pb/bbgo.pb.go:3044.3,3044.89 1 0
github.com/c9s/bbgo/saas/manager/pb/bbgo.pb.go:3044.89,3045.44 1 0
github.com/c9s/bbgo/saas/manager/pb/bbgo.pb.go:3046.11,3047.20 1 0
github.com/c9s/bbgo/saas/manager/pb/bbgo.pb.go:3048.11,3049.24 1 0
github.com/c9s/bbgo/saas/manager/pb/bbgo.pb.go:3050.11,3051.28 1 0
github.com/c9s/bbgo/saas/manager/pb/bbgo.pb.go:3052.12,3053.15 1 0
github.com/c9s/bbgo/saas/manager/pb/bbgo.pb.go:3056.3,3056.89 1 0
github.com/c9s/bbgo/saas/manager/pb/bbgo.pb.go:3056.89,3057.43 1 0
github.com/c9s/bbgo/saas/manager/pb/bbgo.pb.go:3058.11,3059.20 1 0
github.com/c9s/bbgo/saas/manager/pb/bbgo.pb.go:3060.11,3061.24 1 0
github.com/c9s/bbgo/saas/manager/pb/bbgo.pb.go:3062.11,3063.28 1 0
github.com/c9s/bbgo/saas/manager/pb/bbgo.pb.go:3064.12,3065.15 1 0
github.com/c9s/bbgo/saas/manager/pb/bbgo.pb.go:3068.3,3068.89 1 0
github.com/c9s/bbgo/saas/manager/pb/bbgo.pb.go:3068.89,3069.44 1 0
github.com/c9s/bbgo/saas/manager/pb/bbgo.pb.go:3070.11,3071.20 1 0
github.com/c9s/bbgo/saas/manager/pb/bbgo.pb.go:3072.11,3073.24 1 0
github.com/c9s/bbgo/saas/manager/pb/bbgo.pb.go:3074.11,3075.28 1 0
github.com/c9s/bbgo/saas/manager/pb/bbgo.pb.go:3076.12,3077.15 1 0
github.com/c9s/bbgo/saas/manager/pb/bbgo.pb.go:3080.3,3080.89 1 0
github.com/c9s/bbgo/saas/manager/pb/bbgo.pb.go:3080.89,3081.42 1 0
github.com/c9s/bbgo/saas/manager/pb/bbgo.pb.go:3082.11,3083.20 1 0
github.com/c9s/bbgo/saas/manager/pb/bbgo.pb.go:3084.11,3085.24 1 0
github.com/c9s/bbgo/saas/manager/pb/bbgo.pb.go:3086.11,3087.28 1 0
github.com/c9s/bbgo/saas/manager/pb/bbgo.pb.go:3088.12,3089.15 1 0
github.com/c9s/bbgo/saas/manager/pb/bbgo.pb.go:3092.3,3092.89 1 0
github.com/c9s/bbgo/saas/manager/pb/bbgo.pb.go:3092.89,3093.43 1 0
github.com/c9s/bbgo/saas/manager/pb/bbgo.pb.go:3094.11,3095.20 1 0
github.com/c9s/bbgo/saas/manager/pb/bbgo.pb.go:3096.11,3097.24 1 0
github.com/c9s/bbgo/saas/manager/pb/bbgo.pb.go:3098.11,3099.28 1 0
github.com/c9s/bbgo/saas/manager/pb/bbgo.pb.go:3100.12,3101.15 1 0
github.com/c9s/bbgo/saas/manager/pb/bbgo.pb.go:3104.3,3104.89 1 0
github.com/c9s/bbgo/saas/manager/pb/bbgo.pb.go:3104.89,3105.43 1 0
github.com/c9s/bbgo/saas/manager/pb/bbgo.pb.go:3106.11,3107.20 1 0
github.com/c9s/bbgo/saas/manager/pb/bbgo.pb.go:3108.11,3109.24 1 0
github.com/c9s/bbgo/saas/manager/pb/bbgo.pb.go:3110.11,3111.28 1 0
github.com/c9s/bbgo/saas/manager/pb/bbgo.pb.go:3112.12,3113.15 1 0
github.com/c9s/bbgo/saas/manager/pb/bbgo.pb.go:3116.3,3116.89 1 0
github.com/c9s/bbgo/saas/manager/pb/bbgo.pb.go:3116.89,3117.44 1 0
github.com/c9s/bbgo/saas/manager/pb/bbgo.pb.go:3118.11,3119.20 1 0
github.com/c9s/bbgo/saas/manager/pb/bbgo.pb.go:3120.11,3121.24 1 0
github.com/c9s/bbgo/saas/manager/pb/bbgo.pb.go:3122.11,3123.28 1 0
github.com/c9s/bbgo/saas/manager/pb/bbgo.pb.go:3124.12,3125.15 1 0
github.com/c9s/bbgo/saas/manager/pb/bbgo.pb.go:3128.3,3128.89 1 0
github.com/c9s/bbgo/saas/manager/pb/bbgo.pb.go:3128.89,3129.43 1 0
github.com/c9s/bbgo/saas/manager/pb/bbgo.pb.go:3130.11,3131.20 1 0
github.com/c9s/bbgo/saas/manager/pb/bbgo.pb.go:3132.11,3133.24 1 0
github.com/c9s/bbgo/saas/manager/pb/bbgo.pb.go:3134.11,3135.28 1 0
github.com/c9s/bbgo/saas/manager/pb/bbgo.pb.go:3136.12,3137.15 1 0
github.com/c9s/bbgo/saas/manager/pb/bbgo.pb.go:3140.3,3140.89 1 0
github.com/c9s/bbgo/saas/manager/pb/bbgo.pb.go:3140.89,3141.44 1 0
github.com/c9s/bbgo/saas/manager/pb/bbgo.pb.go:3142.11,3143.20 1 0
github.com/c9s/bbgo/saas/manager/pb/bbgo.pb.go:3144.11,3145.24 1 0
github.com/c9s/bbgo/saas/manager/pb/bbgo.pb.go:3146.11,3147.28 1 0
github.com/c9s/bbgo/saas/manager/pb/bbgo.pb.go:3148.12,3149.15 1 0
github.com/c9s/bbgo/saas/manager/pb/bbgo.pb.go:3152.3,3152.89 1 0
github.com/c9s/bbgo/saas/manager/pb/bbgo.pb.go:3152.89,3153.43 1 0
github.com/c9s/bbgo/saas/manager/pb/bbgo.pb.go:3154.11,3155.20 1 0
github.com/c9s/bbgo/saas/manager/pb/bbgo.pb.go:3156.11,3157.24 1 0
github.com/c9s/bbgo/saas/manager/pb/bbgo.pb.go:3158.11,3159.28 1 0
github.com/c9s/bbgo/saas/manager/pb/bbgo.pb.go:3160.12,3161.15 1 0
github.com/c9s/bbgo/saas/manager/pb/bbgo.pb.go:3164.3,3164.89 1 0
github.com/c9s/bbgo/saas/manager/pb/bbgo.pb.go:3164.89,3165.44 1 0
github.com/c9s/bbgo/saas/manager/pb/bbgo.pb.go:3166.11,3167.20 1 0
github.com/c9s/bbgo/saas/manager/pb/bbgo.pb.go:3168.11,3169.24 1 0
github.com/c9s/bbgo/saas/manager/pb/bbgo.pb.go:3170.11,3171.28 1 0
github.com/c9s/bbgo/saas/manager/pb/bbgo.pb.go:3172.12,3173.15 1 0
github.com/c9s/bbgo/saas/manager/pb/bbgo.pb.go:3176.3,3176.89 1 0
github.com/c9s/bbgo/saas/manager/pb/bbgo.pb.go:3176.89,3177.30 1 0
github.com/c9s/bbgo/saas/manager/pb/bbgo.pb.go:3178.11,3179.20 1 0
github.com/c9s/bbgo/saas/manager/pb/bbgo.pb.go:3180.11,3181.24 1 0
github.com/c9s/bbgo/saas/manager/pb/bbgo.pb.go:3182.11,3183.28 1 0
github.com/c9s/bbgo/saas/manager/pb/bbgo.pb.go:3184.12,3185.15 1 0
github.com/c9s/bbgo/saas/manager/pb/bbgo.pb.go:3189.2,3207.38 6 0
github.com/c9s/bbgo/saas/manager/pb/bbgo_grpc.pb.go:29.86,31.2 1 0
github.com/c9s/bbgo/saas/manager/pb/bbgo_grpc.pb.go:33.156,35.16 2 0
github.com/c9s/bbgo/saas/manager/pb/bbgo_grpc.pb.go:35.16,37.3 1 0
github.com/c9s/bbgo/saas/manager/pb/bbgo_grpc.pb.go:38.2,39.51 2 0
github.com/c9s/bbgo/saas/manager/pb/bbgo_grpc.pb.go:39.51,41.3 1 0
github.com/c9s/bbgo/saas/manager/pb/bbgo_grpc.pb.go:42.2,42.51 1 0
github.com/c9s/bbgo/saas/manager/pb/bbgo_grpc.pb.go:42.51,44.3 1 0
github.com/c9s/bbgo/saas/manager/pb/bbgo_grpc.pb.go:45.2,45.15 1 0
github.com/c9s/bbgo/saas/manager/pb/bbgo_grpc.pb.go:57.72,59.50 2 0
github.com/c9s/bbgo/saas/manager/pb/bbgo_grpc.pb.go:59.50,61.3 1 0
github.com/c9s/bbgo/saas/manager/pb/bbgo_grpc.pb.go:62.2,62.15 1 0
github.com/c9s/bbgo/saas/manager/pb/bbgo_grpc.pb.go:65.147,68.16 3 0
github.com/c9s/bbgo/saas/manager/pb/bbgo_grpc.pb.go:68.16,70.3 1 0
github.com/c9s/bbgo/saas/manager/pb/bbgo_grpc.pb.go:71.2,71.17 1 0
github.com/c9s/bbgo/saas/manager/pb/bbgo_grpc.pb.go:87.115,89.2 1 0
github.com/c9s/bbgo/saas/manager/pb/bbgo_grpc.pb.go:90.125,92.2 1 0
github.com/c9s/bbgo/saas/manager/pb/bbgo_grpc.pb.go:93.94,93.95 0 0
github.com/c9s/bbgo/saas/manager/pb/bbgo_grpc.pb.go:102.92,104.2 1 0
github.com/c9s/bbgo/saas/manager/pb/bbgo_grpc.pb.go:106.92,108.42 2 0
github.com/c9s/bbgo/saas/manager/pb/bbgo_grpc.pb.go:108.42,110.3 1 0
github.com/c9s/bbgo/saas/manager/pb/bbgo_grpc.pb.go:111.2,111.94 1 0
github.com/c9s/bbgo/saas/manager/pb/bbgo_grpc.pb.go:123.70,125.2 1 0
github.com/c9s/bbgo/saas/manager/pb/bbgo_grpc.pb.go:127.174,129.32 2 0
github.com/c9s/bbgo/saas/manager/pb/bbgo_grpc.pb.go:129.32,131.3 1 0
github.com/c9s/bbgo/saas/manager/pb/bbgo_grpc.pb.go:132.2,132.24 1 0
github.com/c9s/bbgo/saas/manager/pb/bbgo_grpc.pb.go:132.24,134.3 1 0
github.com/c9s/bbgo/saas/manager/pb/bbgo_grpc.pb.go:135.2,139.77 2 0
github.com/c9s/bbgo/saas/manager/pb/bbgo_grpc.pb.go:139.77,141.3 1 0
github.com/c9s/bbgo/saas/manager/pb/bbgo_grpc.pb.go:142.2,142.44 1 0
github.com/c9s/bbgo/saas/manager/pb/bbgo_grpc.pb.go:178.82,180.2 1 0
github.com/c9s/bbgo/saas/manager/pb/bbgo_grpc.pb.go:182.151,184.16 2 0
github.com/c9s/bbgo/saas/manager/pb/bbgo_grpc.pb.go:184.16,186.3 1 0
github.com/c9s/bbgo/saas/manager/pb/bbgo_grpc.pb.go:187.2,188.51 2 0
github.com/c9s/bbgo/saas/manager/pb/bbgo_grpc.pb.go:188.51,190.3 1 0
github.com/c9s/bbgo/saas/manager/pb/bbgo_grpc.pb.go:191.2,191.51 1 0
github.com/c9s/bbgo/saas/manager/pb/bbgo_grpc.pb.go:191.51,193.3 1 0
github.com/c9s/bbgo/saas/manager/pb/bbgo_grpc.pb.go:194.2,194.15 1 0
github.com/c9s/bbgo/saas/manager/pb/bbgo_grpc.pb.go:206.68,208.50 2 0
github.com/c9s/bbgo/saas/manager/pb/bbgo_grpc.pb.go:208.50,210.3 1 0
github.com/c9s/bbgo/saas/manager/pb/bbgo_grpc.pb.go:211.2,211.15 1 0
github.com/c9s/bbgo/saas/manager/pb/bbgo_grpc.pb.go:226.110,228.2 1 0
github.com/c9s/bbgo/saas/manager/pb/bbgo_grpc.pb.go:229.90,229.91 0 0
github.com/c9s/bbgo/saas/manager/pb/bbgo_grpc.pb.go:238.88,240.2 1 0
github.com/c9s/bbgo/saas/manager/pb/bbgo_grpc.pb.go:242.90,244.42 2 0
github.com/c9s/bbgo/saas/manager/pb/bbgo_grpc.pb.go:244.42,246.3 1 0
github.com/c9s/bbgo/saas/manager/pb/bbgo_grpc.pb.go:247.2,247.90 1 0
github.com/c9s/bbgo/saas/manager/pb/bbgo_grpc.pb.go:259.66,261.2 1 0
github.com/c9s/bbgo/saas/manager/pb/bbgo_grpc.pb.go:296.80,298.2 1 0
github.com/c9s/bbgo/saas/manager/pb/bbgo_grpc.pb.go:300.144,303.16 3 0
github.com/c9s/bbgo/saas/manager/pb/bbgo_grpc.pb.go:303.16,305.3 1 0
github.com/c9s/bbgo/saas/manager/pb/bbgo_grpc.pb.go:306.2,306.17 1 0
github.com/c9s/bbgo/saas/manager/pb/bbgo_grpc.pb.go:309.144,312.16 3 0
github.com/c9s/bbgo/saas/manager/pb/bbgo_grpc.pb.go:312.16,314.3 1 0
github.com/c9s/bbgo/saas/manager/pb/bbgo_grpc.pb.go:315.2,315.17 1 0
github.com/c9s/bbgo/saas/manager/pb/bbgo_grpc.pb.go:318.141,321.16 3 0
github.com/c9s/bbgo/saas/manager/pb/bbgo_grpc.pb.go:321.16,323.3 1 0
github.com/c9s/bbgo/saas/manager/pb/bbgo_grpc.pb.go:324.2,324.17 1 0
github.com/c9s/bbgo/saas/manager/pb/bbgo_grpc.pb.go:327.144,330.16 3 0
github.com/c9s/bbgo/saas/manager/pb/bbgo_grpc.pb.go:330.16,332.3 1 0
github.com/c9s/bbgo/saas/manager/pb/bbgo_grpc.pb.go:333.2,333.17 1 0
github.com/c9s/bbgo/saas/manager/pb/bbgo_grpc.pb.go:336.144,339.16 3 0
github.com/c9s/bbgo/saas/manager/pb/bbgo_grpc.pb.go:339.16,341.3 1 0
github.com/c9s/bbgo/saas/manager/pb/bbgo_grpc.pb.go:342.2,342.17 1 0
github.com/c9s/bbgo/saas/manager/pb/bbgo_grpc.pb.go:362.122,364.2 1 0
github.com/c9s/bbgo/saas/manager/pb/bbgo_grpc.pb.go:365.122,367.2 1 0
github.com/c9s/bbgo/saas/manager/pb/bbgo_grpc.pb.go:368.119,370.2 1 0
github.com/c9s/bbgo/saas/manager/pb/bbgo_grpc.pb.go:371.122,373.2 1 0
github.com/c9s/bbgo/saas/manager/pb/bbgo_grpc.pb.go:374.122,376.2 1 0
github.com/c9s/bbgo/saas/manager/pb/bbgo_grpc.pb.go:377.88,377.89 0 0
github.com/c9s/bbgo/saas/manager/pb/bbgo_grpc.pb.go:386.86,388.2 1 0
github.com/c9s/bbgo/saas/manager/pb/bbgo_grpc.pb.go:390.171,392.32 2 0
github.com/c9s/bbgo/saas/manager/pb/bbgo_grpc.pb.go:392.32,394.3 1 0
github.com/c9s/bbgo/saas/manager/pb/bbgo_grpc.pb.go:395.2,395.24 1 0
github.com/c9s/bbgo/saas/manager/pb/bbgo_grpc.pb.go:395.24,397.3 1 0
github.com/c9s/bbgo/saas/manager/pb/bbgo_grpc.pb.go:398.2,402.77 2 0
github.com/c9s/bbgo/saas/manager/pb/bbgo_grpc.pb.go:402.77,404.3 1 0
github.com/c9s/bbgo/saas/manager/pb/bbgo_grpc.pb.go:405.2,405.44 1 0
github.com/c9s/bbgo/saas/manager/pb/bbgo_grpc.pb.go:408.171,410.32 2 0
github.com/c9s/bbgo/saas/manager/pb/bbgo_grpc.pb.go:410.32,412.3 1 0
github.com/c9s/bbgo/saas/manager/pb/bbgo_grpc.pb.go:413.2,413.24 1 0
github.com/c9s/bbgo/saas/manager/pb/bbgo_grpc.pb.go:413.24,415.3 1 0
github.com/c9s/bbgo/saas/manager/pb/bbgo_grpc.pb.go:416.2,420.77 2 0
github.com/c9s/bbgo/saas/manager/pb/bbgo_grpc.pb.go:420.77,422.3 1 0
github.com/c9s/bbgo/saas/manager/pb/bbgo_grpc.pb.go:423.2,423.44 1 0
github.com/c9s/bbgo/saas/manager/pb/bbgo_grpc.pb.go:426.170,428.32 2 0
github.com/c9s/bbgo/saas/manager/pb/bbgo_grpc.pb.go:428.32,430.3 1 0
github.com/c9s/bbgo/saas/manager/pb/bbgo_grpc.pb.go:431.2,431.24 1 0
github.com/c9s/bbgo/saas/manager/pb/bbgo_grpc.pb.go:431.24,433.3 1 0
github.com/c9s/bbgo/saas/manager/pb/bbgo_grpc.pb.go:434.2,438.77 2 0
github.com/c9s/bbgo/saas/manager/pb/bbgo_grpc.pb.go:438.77,440.3 1 0
github.com/c9s/bbgo/saas/manager/pb/bbgo_grpc.pb.go:441.2,441.44 1 0
github.com/c9s/bbgo/saas/manager/pb/bbgo_grpc.pb.go:444.171,446.32 2 0
github.com/c9s/bbgo/saas/manager/pb/bbgo_grpc.pb.go:446.32,448.3 1 0
github.com/c9s/bbgo/saas/manager/pb/bbgo_grpc.pb.go:449.2,449.24 1 0
github.com/c9s/bbgo/saas/manager/pb/bbgo_grpc.pb.go:449.24,451.3 1 0
github.com/c9s/bbgo/saas/manager/pb/bbgo_grpc.pb.go:452.2,456.77 2 0
github.com/c9s/bbgo/saas/manager/pb/bbgo_grpc.pb.go:456.77,458.3 1 0
github.com/c9s/bbgo/saas/manager/pb/bbgo_grpc.pb.go:459.2,459.44 1 0
github.com/c9s/bbgo/saas/manager/pb/bbgo_grpc.pb.go:462.171,464.32 2 0
github.com/c9s/bbgo/saas/manager/pb/bbgo_grpc.pb.go:464.32,466.3 1 0
github.com/c9s/bbgo/saas/manager/pb/bbgo_grpc.pb.go:467.2,467.24 1 0
github.com/c9s/bbgo/saas/manager/pb/bbgo_grpc.pb.go:467.24,469.3 1 0
github.com/c9s/bbgo/saas/manager/pb/bbgo_grpc.pb.go:470.2,474.77 2 0
github.com/c9s/bbgo/saas/manager/pb/bbgo_grpc.pb.go:474.77,476.3 1 0
github.com/c9s/bbgo/saas/manager/pb/bbgo_grpc.pb.go:477.2,477.44 1 0
github.com/c9s/bbgo/saas/manager/pb/query_ext.go:16.46,16.75 1 0
github.com/c9s/bbgo/saas/manager/pb/query_ext.go:17.46,17.77 1 0
github.com/c9s/bbgo/saas/manager/pb/query_ext.go:18.47,18.48 0 0
github.com/c9s/bbgo/saas/manager/pb/query_ext.go:26.47,26.77 1 0
github.com/c9s/bbgo/saas/manager/pb/query_ext.go:27.47,27.79 1 0
github.com/c9s/bbgo/saas/manager/pb/query_ext.go:28.48,28.49 0 0
github.com/c9s/bbgo/saas/manager/pb/query_ext.go:36.47,36.77 1 0
github.com/c9s/bbgo/saas/manager/pb/query_ext.go:37.47,37.79 1 0
github.com/c9s/bbgo/saas/manager/pb/query_ext.go:38.48,38.49 0 0
github.com/c9s/bbgo/saas/manager/pb/query_ext.go:46.48,46.79 1 0
github.com/c9s/bbgo/saas/manager/pb/query_ext.go:47.48,47.81 1 0
github.com/c9s/bbgo/saas/manager/pb/query_ext.go:48.49,48.50 0 0
github.com/c9s/bbgo/saas/manager/pb/query_ext.go:55.83,57.2 1 0
github.com/c9s/bbgo/saas/manager/pb/query_ext.go:59.145,62.2 2 0
github.com/c9s/bbgo/saas/manager/pb/query_ext.go:64.145,67.16 3 0
github.com/c9s/bbgo/saas/manager/pb/query_ext.go:67.16,69.3 1 0
github.com/c9s/bbgo/saas/manager/pb/query_ext.go:70.2,70.17 1 0
github.com/c9s/bbgo/saas/manager/pb/query_ext.go:73.148,76.16 3 0
github.com/c9s/bbgo/saas/manager/pb/query_ext.go:76.16,78.3 1 0
github.com/c9s/bbgo/saas/manager/pb/query_ext.go:79.2,79.17 1 0
github.com/c9s/bbgo/saas/manager/pb/query_ext.go:89.79,96.148 1 0
github.com/c9s/bbgo/saas/manager/pb/query_ext.go:96.148,98.36 2 0
github.com/c9s/bbgo/saas/manager/pb/query_ext.go:98.36,100.7 1 0
github.com/c9s/bbgo/saas/manager/pb/query_ext.go:101.6,101.28 1 0
github.com/c9s/bbgo/saas/manager/pb/query_ext.go:101.28,103.7 1 0
github.com/c9s/bbgo/saas/manager/pb/query_ext.go:104.6,108.81 2 0
github.com/c9s/bbgo/saas/manager/pb/query_ext.go:108.81,110.7 1 0
github.com/c9s/bbgo/saas/manager/pb/query_ext.go:111.6,111.48 1 0
github.com/c9s/bbgo/saas/manager/pb/query_ext.go:116.148,118.36 2 0
github.com/c9s/bbgo/saas/manager/pb/query_ext.go:118.36,120.7 1 0
github.com/c9s/bbgo/saas/manager/pb/query_ext.go:121.6,121.28 1 0
github.com/c9s/bbgo/saas/manager/pb/query_ext.go:121.28,123.7 1 0
github.com/c9s/bbgo/saas/manager/pb/query_ext.go:124.6,128.81 2 0
github.com/c9s/bbgo/saas/manager/pb/query_ext.go:128.81,130.7 1 0
github.com/c9s/bbgo/saas/manager/pb/query_ext.go:131.6,131.48 1 0
github.com/c9s/bbgo/saas/manager/pb/query_ext.go:143.123,145.2 1 0
github.com/c9s/bbgo/saas/manager/pb/query_ext.go:146.126,148.2 1 0
github.com/c9s/bbgo/saas/manager/api.go:48.291,59.2 2 1
github.com/c9s/bbgo/saas/manager/api.go:61.25,62.27 1 1
github.com/c9s/bbgo/saas/manager/api.go:62.27,64.3 1 1
github.com/c9s/bbgo/saas/manager/api.go:65.2,65.26 1 1
github.com/c9s/bbgo/saas/manager/api.go:65.26,67.3 1 1
github.com/c9s/bbgo/saas/manager/api.go:70.56,72.2 1 1
github.com/c9s/bbgo/saas/manager/api.go:74.46,79.29 4 1
github.com/c9s/bbgo/saas/manager/api.go:79.29,86.35 6 1
github.com/c9s/bbgo/saas/manager/api.go:86.35,102.4 15 1
github.com/c9s/bbgo/saas/manager/api.go:104.3,130.49 27 1
github.com/c9s/bbgo/saas/manager/api.go:136.86,138.17 2 1
github.com/c9s/bbgo/saas/manager/api.go:138.17,139.26 1 1
github.com/c9s/bbgo/saas/manager/api.go:139.26,142.4 2 1
github.com/c9s/bbgo/saas/manager/api.go:143.3,143.68 1 1
github.com/c9s/bbgo/saas/manager/api.go:143.68,146.4 2 1
github.com/c9s/bbgo/saas/manager/api.go:147.3,147.21 1 1
github.com/c9s/bbgo/saas/manager/api.go:149.2,150.9 2 0
github.com/c9s/bbgo/saas/manager/api.go:150.9,153.3 2 0
github.com/c9s/bbgo/saas/manager/api.go:154.2,154.17 1 0
github.com/c9s/bbgo/saas/manager/api.go:157.44,159.20 2 1
github.com/c9s/bbgo/saas/manager/api.go:159.20,161.3 1 1
github.com/c9s/bbgo/saas/manager/api.go:162.2,162.17 1 1
github.com/c9s/bbgo/saas/manager/api.go:165.60,168.2 2 1
github.com/c9s/bbgo/saas/manager/api.go:170.73,172.2 1 1
github.com/c9s/bbgo/saas/manager/api.go:174.109,176.9 2 1
github.com/c9s/bbgo/saas/manager/api.go:176.9,178.3 1 0
github.com/c9s/bbgo/saas/manager/api.go:179.2,181.69 2 1
github.com/c9s/bbgo/saas/manager/api.go:181.69,183.17 2 1
github.com/c9s/bbgo/saas/manager/api.go:183.17,186.4 2 0
github.com/c9s/bbgo/saas/manager/api.go:187.3,187.20 1 1
github.com/c9s/bbgo/saas/manager/api.go:190.2,191.39 2 1
github.com/c9s/bbgo/saas/manager/api.go:191.39,194.3 2 1
github.com/c9s/bbgo/saas/manager/api.go:196.2,196.25 1 1
github.com/c9s/bbgo/saas/manager/api.go:196.25,198.3 1 1
github.com/c9s/bbgo/saas/manager/api.go:200.2,201.19 2 0
github.com/c9s/bbgo/saas/manager/api.go:204.96,206.2 1 1
github.com/c9s/bbgo/saas/manager/api.go:210.64,213.27 3 1
github.com/c9s/bbgo/saas/manager/api.go:213.27,215.28 2 1
github.com/c9s/bbgo/saas/manager/api.go:215.28,216.94 1 1
github.com/c9s/bbgo/saas/manager/api.go:216.94,218.5 1 1
github.com/c9s/bbgo/saas/manager/api.go:221.2,221.96 1 1
github.com/c9s/bbgo/saas/manager/api.go:226.72,228.9 2 1
github.com/c9s/bbgo/saas/manager/api.go:228.9,230.3 1 0
github.com/c9s/bbgo/saas/manager/api.go:232.2,241.61 2 1
github.com/c9s/bbgo/saas/manager/api.go:241.61,244.3 2 0
github.com/c9s/bbgo/saas/manager/api.go:245.2,245.24 1 1
github.com/c9s/bbgo/saas/manager/api.go:245.24,248.3 2 1
github.com/c9s/bbgo/saas/manager/api.go:249.2,249.39 1 1
github.com/c9s/bbgo/saas/manager/api.go:249.39,252.3 2 1
github.com/c9s/bbgo/saas/manager/api.go:253.2,253.46 1 1
github.com/c9s/bbgo/saas/manager/api.go:253.46,256.3 2 1
github.com/c9s/bbgo/saas/manager/api.go:257.2,257.49 1 1
github.com/c9s/bbgo/saas/manager/api.go:257.49,260.3 2 0
github.com/c9s/bbgo/saas/manager/api.go:262.2,263.58 2 1
github.com/c9s/bbgo/saas/manager/api.go:263.58,265.3 1 0
github.com/c9s/bbgo/saas/manager/api.go:266.2,266.20 1 1
github.com/c9s/bbgo/saas/manager/api.go:266.20,268.3 1 1
github.com/c9s/bbgo/saas/manager/api.go:269.2,269.51 1 1
github.com/c9s/bbgo/saas/manager/api.go:269.51,272.3 2 1
github.com/c9s/bbgo/saas/manager/api.go:273.2,273.71 1 1
github.com/c9s/bbgo/saas/manager/api.go:273.71,276.3 2 0
github.com/c9s/bbgo/saas/manager/api.go:277.2,277.27 1 1
github.com/c9s/bbgo/saas/manager/api.go:277.27,278.54 1 1
github.com/c9s/bbgo/saas/manager/api.go:278.54,281.4 2 0
github.com/c9s/bbgo/saas/manager/api.go:282.3,282.24 1 1
github.com/c9s/bbgo/saas/manager/api.go:282.24,283.36 1 0
github.com/c9s/bbgo/saas/manager/api.go:283.36,284.37 1 0
github.com/c9s/bbgo/saas/manager/api.go:284.37,287.6 2 0
github.com/c9s/bbgo/saas/manager/api.go:292.2,292.47 1 1
github.com/c9s/bbgo/saas/manager/api.go:292.47,294.24 2 0
github.com/c9s/bbgo/saas/manager/api.go:294.24,296.36 2 0
github.com/c9s/bbgo/saas/manager/api.go:296.36,298.5 1 0
github.com/c9s/bbgo/saas/manager/api.go:300.3,300.32 1 0
github.com/c9s/bbgo/saas/manager/api.go:300.32,301.83 1 0
github.com/c9s/bbgo/saas/manager/api.go:301.83,304.5 2 0
github.com/c9s/bbgo/saas/manager/api.go:308.2,315.18 3 1
github.com/c9s/bbgo/saas/manager/api.go:315.18,317.3 1 1
github.com/c9s/bbgo/saas/manager/api.go:318.2,321.42 3 1
github.com/c9s/bbgo/saas/manager/api.go:321.42,322.48 1 1
github.com/c9s/bbgo/saas/manager/api.go:322.48,324.4 1 1
github.com/c9s/bbgo/saas/manager/api.go:325.3,326.20 2 0
github.com/c9s/bbgo/saas/manager/api.go:329.2,329.66 1 1
github.com/c9s/bbgo/saas/manager/api.go:329.66,330.54 1 1
github.com/c9s/bbgo/saas/manager/api.go:330.54,332.4 1 1
github.com/c9s/bbgo/saas/manager/api.go:332.9,334.4 1 0
github.com/c9s/bbgo/saas/manager/api.go:335.3,335.9 1 1
github.com/c9s/bbgo/saas/manager/api.go:338.2,338.75 1 1
github.com/c9s/bbgo/saas/manager/api.go:338.75,340.3 1 1
github.com/c9s/bbgo/saas/manager/api.go:342.2,346.4 1 1
github.com/c9s/bbgo/saas/manager/api.go:349.72,351.9 2 1
github.com/c9s/bbgo/saas/manager/api.go:351.9,353.3 1 0
github.com/c9s/bbgo/saas/manager/api.go:354.2,355.53 2 1
github.com/c9s/bbgo/saas/manager/api.go:355.53,357.30 2 1
github.com/c9s/bbgo/saas/manager/api.go:357.30,363.47 2 1
github.com/c9s/bbgo/saas/manager/api.go:363.47,365.5 1 1
github.com/c9s/bbgo/saas/manager/api.go:365.10,365.77 1 1
github.com/c9s/bbgo/saas/manager/api.go:365.77,367.5 1 1
github.com/c9s/bbgo/saas/manager/api.go:368.4,368.39 1 1
github.com/c9s/bbgo/saas/manager/api.go:371.2,371.88 1 1
github.com/c9s/bbgo/saas/manager/api.go:374.72,376.9 2 1
github.com/c9s/bbgo/saas/manager/api.go:376.9,378.3 1 0
github.com/c9s/bbgo/saas/manager/api.go:379.2,383.16 4 1
github.com/c9s/bbgo/saas/manager/api.go:383.16,386.3 2 1
github.com/c9s/bbgo/saas/manager/api.go:388.2,388.68 1 1
github.com/c9s/bbgo/saas/manager/api.go:388.68,390.3 1 1
github.com/c9s/bbgo/saas/manager/api.go:392.2,392.90 1 1
github.com/c9s/bbgo/saas/manager/api.go:392.90,395.3 2 0
github.com/c9s/bbgo/saas/manager/api.go:397.2,400.4 1 1
github.com/c9s/bbgo/saas/manager/api.go:403.76,405.9 2 1
github.com/c9s/bbgo/saas/manager/api.go:405.9,407.3 1 0
github.com/c9s/bbgo/saas/manager/api.go:408.2,410.33 3 1
github.com/c9s/bbgo/saas/manager/api.go:410.33,413.3 2 1
github.com/c9s/bbgo/saas/manager/api.go:414.2,414.69 1 1
github.com/c9s/bbgo/saas/manager/api.go:419.71,421.9 2 1
github.com/c9s/bbgo/saas/manager/api.go:421.9,423.3 1 0
github.com/c9s/bbgo/saas/manager/api.go:424.2,426.16 3 1
github.com/c9s/bbgo/saas/manager/api.go:426.16,429.3 2 1
github.com/c9s/bbgo/saas/manager/api.go:430.2,430.68 1 1
github.com/c9s/bbgo/saas/manager/api.go:430.68,437.3 2 0
github.com/c9s/bbgo/saas/manager/api.go:438.2,438.45 1 1
github.com/c9s/bbgo/saas/manager/api.go:438.45,445.3 2 0
github.com/c9s/bbgo/saas/manager/api.go:446.2,451.75 2 1
github.com/c9s/bbgo/saas/manager/api.go:451.75,453.3 1 1
github.com/c9s/bbgo/saas/manager/api.go:456.70,458.9 2 1
github.com/c9s/bbgo/saas/manager/api.go:458.9,460.3 1 0
github.com/c9s/bbgo/saas/manager/api.go:461.2,463.16 3 1
github.com/c9s/bbgo/saas/manager/api.go:463.16,466.3 2 1
github.com/c9s/bbgo/saas/manager/api.go:467.2,472.4 3 1
github.com/c9s/bbgo/saas/manager/api.go:475.67,477.9 2 1
github.com/c9s/bbgo/saas/manager/api.go:477.9,479.3 1 0
github.com/c9s/bbgo/saas/manager/api.go:480.2,482.39 3 1
github.com/c9s/bbgo/saas/manager/api.go:482.39,485.3 2 0
github.com/c9s/bbgo/saas/manager/api.go:487.2,487.43 1 1
github.com/c9s/bbgo/saas/manager/api.go:487.43,488.34 1 1
github.com/c9s/bbgo/saas/manager/api.go:488.34,490.26 2 1
github.com/c9s/bbgo/saas/manager/api.go:490.26,492.38 2 0
github.com/c9s/bbgo/saas/manager/api.go:492.38,494.6 1 0
github.com/c9s/bbgo/saas/manager/api.go:496.4,496.33 1 1
github.com/c9s/bbgo/saas/manager/api.go:496.33,498.19 2 1
github.com/c9s/bbgo/saas/manager/api.go:498.19,501.6 2 0
github.com/c9s/bbgo/saas/manager/api.go:502.5,502.52 1 1
github.com/c9s/bbgo/saas/manager/api.go:502.52,505.6 2 1
github.com/c9s/bbgo/saas/manager/api.go:510.2,511.27 2 1
github.com/c9s/bbgo/saas/manager/api.go:511.27,517.69 3 1
github.com/c9s/bbgo/saas/manager/api.go:517.69,519.4 1 1
github.com/c9s/bbgo/saas/manager/api.go:519.9,519.53 1 0
github.com/c9s/bbgo/saas/manager/api.go:519.53,521.4 1 0
github.com/c9s/bbgo/saas/manager/api.go:521.9,523.77 2 0
github.com/c9s/bbgo/saas/manager/api.go:523.77,525.5 1 0
github.com/c9s/bbgo/saas/manager/api.go:527.3,527.30 1 1
github.com/c9s/bbgo/saas/manager/api.go:529.2,529.104 1 1
github.com/c9s/bbgo/saas/manager/api.go:532.66,534.9 2 1
github.com/c9s/bbgo/saas/manager/api.go:534.9,536.3 1 0
github.com/c9s/bbgo/saas/manager/api.go:537.2,539.33 3 1
github.com/c9s/bbgo/saas/manager/api.go:539.33,542.3 2 1
github.com/c9s/bbgo/saas/manager/api.go:543.2,543.102 1 1
github.com/c9s/bbgo/saas/manager/api.go:546.68,548.9 2 1
github.com/c9s/bbgo/saas/manager/api.go:548.9,550.3 1 1
github.com/c9s/bbgo/saas/manager/api.go:551.2,552.53 2 1
github.com/c9s/bbgo/saas/manager/api.go:552.53,554.30 2 1
github.com/c9s/bbgo/saas/manager/api.go:554.30,560.47 2 1
github.com/c9s/bbgo/saas/manager/api.go:560.47,562.5 1 0
github.com/c9s/bbgo/saas/manager/api.go:562.10,562.77 1 1
github.com/c9s/bbgo/saas/manager/api.go:562.77,564.5 1 1
github.com/c9s/bbgo/saas/manager/api.go:565.4,565.39 1 1
github.com/c9s/bbgo/saas/manager/api.go:568.2,568.88 1 1
github.com/c9s/bbgo/saas/manager/api.go:571.64,574.67 2 1
github.com/c9s/bbgo/saas/manager/api.go:574.67,577.3 2 0
github.com/c9s/bbgo/saas/manager/api.go:579.2,585.26 6 1
github.com/c9s/bbgo/saas/manager/api.go:585.26,586.10 1 1
github.com/c9s/bbgo/saas/manager/api.go:587.21,588.10 1 0
github.com/c9s/bbgo/saas/manager/api.go:589.11,589.11 0 1
github.com/c9s/bbgo/saas/manager/api.go:591.3,591.56 1 1
github.com/c9s/bbgo/saas/manager/api.go:591.56,593.9 2 0
github.com/c9s/bbgo/saas/manager/api.go:595.3,595.26 1 1
github.com/c9s/bbgo/saas/manager/api.go:597.2,597.16 1 0
github.com/c9s/bbgo/saas/manager/api.go:597.16,600.3 2 0
github.com/c9s/bbgo/saas/manager/api.go:601.2,603.49 2 0
github.com/c9s/bbgo/saas/manager/api.go:603.49,608.3 1 0
github.com/c9s/bbgo/saas/manager/api.go:610.2,610.12 1 0
github.com/c9s/bbgo/saas/manager/api.go:610.12,612.27 2 0
github.com/c9s/bbgo/saas/manager/api.go:612.27,613.11 1 0
github.com/c9s/bbgo/saas/manager/api.go:614.30,615.11 1 0
github.com/c9s/bbgo/saas/manager/api.go:616.12,616.12 0 0
github.com/c9s/bbgo/saas/manager/api.go:618.4,619.18 2 0
github.com/c9s/bbgo/saas/manager/api.go:619.18,622.5 2 0
github.com/c9s/bbgo/saas/manager/api.go:623.4,623.27 1 0
github.com/c9s/bbgo/saas/manager/api.go:630.68,632.9 2 1
github.com/c9s/bbgo/saas/manager/api.go:632.9,634.3 1 0
github.com/c9s/bbgo/saas/manager/api.go:635.2,635.69 1 1
github.com/c9s/bbgo/saas/manager/api.go:635.69,638.3 2 1
github.com/c9s/bbgo/saas/manager/api.go:639.2,639.39 1 1
github.com/c9s/bbgo/saas/manager/api.go:642.71,644.9 2 1
github.com/c9s/bbgo/saas/manager/api.go:644.9,646.3 1 0
[...]
github.com/c9s/bbgo/saas/manager/storage.go:31.83,37.16 5 1
github.com/c9s/bbgo/saas/manager/storage.go:37.16,39.3 1 0
github.com/c9s/bbgo/saas/manager/storage.go:40.2,40.44 1 1
github.com/c9s/bbgo/saas/manager/storage.go:40.44,42.3 1 0
github.com/c9s/bbgo/saas/manager/storage.go:43.2,46.16 3 1
github.com/c9s/bbgo/saas/manager/storage.go:46.16,48.3 1 0
github.com/c9s/bbgo/saas/manager/storage.go:49.2,53.16 4 1
github.com/c9s/bbgo/saas/manager/storage.go:53.16,55.3 1 0
github.com/c9s/bbgo/saas/manager/storage.go:56.2,58.28 2 1
github.com/c9s/bbgo/saas/manager/storage.go:58.28,61.3 2 1
github.com/c9s/bbgo/saas/manager/storage.go:62.2,62.12 1 1
github.com/c9s/bbgo/saas/manager/storage.go:69.104,75.16 5 1
github.com/c9s/bbgo/saas/manager/storage.go:75.16,77.3 1 0
github.com/c9s/bbgo/saas/manager/storage.go:78.2,82.16 4 1
github.com/c9s/bbgo/saas/manager/storage.go:82.16,84.3 1 0
github.com/c9s/bbgo/saas/manager/storage.go:85.2,87.28 2 1
github.com/c9s/bbgo/saas/manager/storage.go:87.28,90.3 2 1
github.com/c9s/bbgo/saas/manager/storage.go:92.2,93.67 2 1
github.com/c9s/bbgo/saas/manager/storage.go:93.67,95.3 1 0
github.com/c9s/bbgo/saas/manager/storage.go:96.2,96.58 1 1
github.com/c9s/bbgo/saas/manager/storage.go:99.60,105.16 5 1
github.com/c9s/bbgo/saas/manager/storage.go:105.16,108.3 2 0
github.com/c9s/bbgo/saas/manager/storage.go:109.2,113.16 4 1
github.com/c9s/bbgo/saas/manager/storage.go:113.16,116.3 2 0
github.com/c9s/bbgo/saas/manager/storage.go:117.2,118.28 2 1
github.com/c9s/bbgo/saas/manager/storage.go:118.28,121.3 2 1
github.com/c9s/bbgo/saas/manager/strategy_registry.go:18.74,25.2 1 0
github.com/c9s/bbgo/saas/manager/strategy_registry.go:27.46,32.16 2 0
github.com/c9s/bbgo/saas/manager/strategy_registry.go:32.16,34.3 1 0
github.com/c9s/bbgo/saas/manager/strategy_registry.go:36.2,42.55 2 0
github.com/c9s/bbgo/saas/manager/strategy_registry.go:42.55,44.3 1 0
github.com/c9s/bbgo/saas/manager/strategy_registry.go:46.2,49.28 4 0
github.com/c9s/bbgo/saas/manager/strategy_registry.go:49.28,50.56 1 0
github.com/c9s/bbgo/saas/manager/strategy_registry.go:50.56,52.77 2 0
github.com/c9s/bbgo/saas/manager/strategy_registry.go:52.77,54.5 1 0
github.com/c9s/bbgo/saas/manager/strategy_registry.go:56.3,56.17 1 0
github.com/c9s/bbgo/saas/manager/strategy_registry.go:56.17,58.4 1 0
github.com/c9s/bbgo/saas/manager/strategy_registry.go:59.3,59.24 1 0
github.com/c9s/bbgo/saas/manager/strategy_registry.go:59.24,61.4 1 0
github.com/c9s/bbgo/saas/manager/strategy_registry.go:64.2,69.12 6 0
github.com/c9s/bbgo/saas/manager/strategy_registry.go:72.67,73.33 1 0
github.com/c9s/bbgo/saas/manager/strategy_registry.go:73.33,75.3 1 0
github.com/c9s/bbgo/saas/manager/strategy_registry.go:75.8,80.3 4 0
github.com/c9s/bbgo/saas/manager/strategy_registry.go:82.2,84.6 3 0
github.com/c9s/bbgo/saas/manager/strategy_registry.go:84.6,85.10 1 0
github.com/c9s/bbgo/saas/manager/strategy_registry.go:86.15,87.10 1 0
github.com/c9s/bbgo/saas/manager/strategy_registry.go:88.19,89.35 1 0
github.com/c9s/bbgo/saas/manager/strategy_registry.go:89.35,91.5 1 0
github.com/c9s/bbgo/saas/manager/strategy_registry.go:96.79,100.2 3 1
github.com/c9s/bbgo/saas/manager/strategy_registry.go:102.68,106.2 3 1
github.com/c9s/bbgo/saas/manager/strategy_registry.go:108.73,112.2 3 1
github.com/c9s/bbgo/saas/manager/strategy_types.go:953.39,954.12 1 1
github.com/c9s/bbgo/saas/manager/strategy_types.go:955.14,956.23 1 1
github.com/c9s/bbgo/saas/manager/strategy_types.go:957.15,958.24 1 1
github.com/c9s/bbgo/saas/manager/strategy_types.go:959.18,960.27 1 1
github.com/c9s/bbgo/saas/manager/strategy_types.go:961.19,962.28 1 1
github.com/c9s/bbgo/saas/manager/strategy_types.go:963.21,964.30 1 1
github.com/c9s/bbgo/saas/manager/strategy_types.go:965.17,966.26 1 1
github.com/c9s/bbgo/saas/manager/strategy_types.go:967.20,968.29 1 1
github.com/c9s/bbgo/saas/manager/strategy_types.go:969.16,970.25 1 1
github.com/c9s/bbgo/saas/manager/strategy_types.go:971.17,972.26 1 1
github.com/c9s/bbgo/saas/manager/strategy_types.go:973.20,974.29 1 1
github.com/c9s/bbgo/saas/manager/strategy_types.go:975.18,976.27 1 1
github.com/c9s/bbgo/saas/manager/strategy_types.go:977.21,978.30 1 1
github.com/c9s/bbgo/saas/manager/strategy_types.go:979.20,980.29 1 1
github.com/c9s/bbgo/saas/manager/strategy_types.go:981.15,982.24 1 1
github.com/c9s/bbgo/saas/manager/strategy_types.go:983.13,984.22 1 1
github.com/c9s/bbgo/saas/manager/strategy_types.go:985.14,986.23 1 1
github.com/c9s/bbgo/saas/manager/strategy_types.go:987.14,988.23 1 1
github.com/c9s/bbgo/saas/manager/strategy_types.go:989.17,990.26 1 1
github.com/c9s/bbgo/saas/manager/strategy_types.go:991.20,992.29 1 1
github.com/c9s/bbgo/saas/manager/strategy_types.go:993.14,994.23 1 1
github.com/c9s/bbgo/saas/manager/strategy_types.go:995.18,996.27 1 1
github.com/c9s/bbgo/saas/manager/strategy_types.go:997.16,998.25 1 1
github.com/c9s/bbgo/saas/manager/strategy_types.go:999.19,1000.28 1 1
github.com/c9s/bbgo/saas/manager/strategy_types.go:1001.20,1002.29 1 1
github.com/c9s/bbgo/saas/manager/strategy_types.go:1003.23,1004.32 1 1
github.com/c9s/bbgo/saas/manager/strategy_types.go:1005.24,1006.33 1 1
github.com/c9s/bbgo/saas/manager/strategy_types.go:1007.16,1008.25 1 1
github.com/c9s/bbgo/saas/manager/strategy_types.go:1009.15,1010.24 1 1
github.com/c9s/bbgo/saas/manager/strategy_types.go:1011.21,1012.30 1 1
github.com/c9s/bbgo/saas/manager/strategy_types.go:1013.19,1014.28 1 1
github.com/c9s/bbgo/saas/manager/strategy_types.go:1015.19,1016.27 1 1
github.com/c9s/bbgo/saas/manager/strategy_types.go:1017.18,1018.27 1 1
github.com/c9s/bbgo/saas/manager/strategy_types.go:1019.13,1020.22 1 1
github.com/c9s/bbgo/saas/manager/strategy_types.go:1021.18,1022.27 1 1
github.com/c9s/bbgo/saas/manager/strategy_types.go:1023.13,1024.22 1 1
github.com/c9s/bbgo/saas/manager/strategy_types.go:1025.20,1026.29 1 1
github.com/c9s/bbgo/saas/manager/strategy_types.go:1027.20,1028.29 1 1
github.com/c9s/bbgo/saas/manager/strategy_types.go:1029.17,1030.26 1 1
github.com/c9s/bbgo/saas/manager/strategy_types.go:1031.26,1032.35 1 1
github.com/c9s/bbgo/saas/manager/strategy_types.go:1033.17,1034.26 1 1
github.com/c9s/bbgo/saas/manager/strategy_types.go:1035.16,1036.25 1 1
github.com/c9s/bbgo/saas/manager/strategy_types.go:1037.18,1038.27 1 1
github.com/c9s/bbgo/saas/manager/strategy_types.go:1039.16,1040.25 1 1
github.com/c9s/bbgo/saas/manager/strategy_types.go:1041.18,1042.27 1 1
github.com/c9s/bbgo/saas/manager/strategy_types.go:1043.21,1044.30 1 1
github.com/c9s/bbgo/saas/manager/strategy_types.go:1045.14,1046.23 1 1
github.com/c9s/bbgo/saas/manager/strategy_types.go:1047.14,1048.23 1 1
github.com/c9s/bbgo/saas/manager/strategy_types.go:1049.21,1050.30 1 1
github.com/c9s/bbgo/saas/manager/strategy_types.go:1051.18,1052.27 1 1
github.com/c9s/bbgo/saas/manager/strategy_types.go:1053.20,1054.29 1 1
github.com/c9s/bbgo/saas/manager/strategy_types.go:1055.10,1056.27 1 1
github.com/c9s/bbgo/saas/manager/supabase_client.go:19.82,21.16 2 0
github.com/c9s/bbgo/saas/manager/supabase_client.go:21.16,23.3 1 0
github.com/c9s/bbgo/saas/manager/supabase_client.go:24.2,24.45 1 0
github.com/c9s/bbgo/saas/manager/supabase_client.go:27.75,42.16 5 0
github.com/c9s/bbgo/saas/manager/supabase_client.go:42.16,44.3 1 0
github.com/c9s/bbgo/saas/manager/supabase_client.go:45.2,45.12 1 0
github.com/c9s/bbgo/saas/manager/supabase_client.go:48.91,55.16 2 0
github.com/c9s/bbgo/saas/manager/supabase_client.go:55.16,57.3 1 0
github.com/c9s/bbgo/saas/manager/supabase_client.go:58.2,58.12 1 0
github.com/c9s/bbgo/saas/manager/supabase_client.go:63.79,67.6 3 0
github.com/c9s/bbgo/saas/manager/supabase_client.go:67.6,76.17 4 0
github.com/c9s/bbgo/saas/manager/supabase_client.go:76.17,78.4 1 0
github.com/c9s/bbgo/saas/manager/supabase_client.go:80.3,81.53 2 0
github.com/c9s/bbgo/saas/manager/supabase_client.go:81.53,83.4 1 0
github.com/c9s/bbgo/saas/manager/supabase_client.go:85.3,85.26 1 0
github.com/c9s/bbgo/saas/manager/supabase_client.go:85.26,87.25 2 0
github.com/c9s/bbgo/saas/manager/supabase_client.go:87.25,89.5 1 0
github.com/c9s/bbgo/saas/manager/supabase_client.go:90.4,96.6 1 0
github.com/c9s/bbgo/saas/manager/supabase_client.go:99.3,99.30 1 0
github.com/c9s/bbgo/saas/manager/supabase_client.go:99.30,100.9 1 0
github.com/c9s/bbgo/saas/manager/supabase_client.go:102.3,102.22 1 0
github.com/c9s/bbgo/saas/manager/supabase_client.go:104.2,104.23 1 0
github.com/c9s/bbgo/saas/manager/supabase_client.go:107.31,107.44 1 1
github.com/c9s/bbgo/saas/manager/supabase_client.go:109.39,112.2 2 1
github.com/c9s/bbgo/saas/manager/sync.go:13.46,15.2 1 1
github.com/c9s/bbgo/saas/manager/sync.go:17.79,21.2 3 1
github.com/c9s/bbgo/saas/manager/sync.go:23.43,25.2 1 1
github.com/c9s/bbgo/saas/manager/sync.go:27.58,28.19 1 1
github.com/c9s/bbgo/saas/manager/sync.go:28.19,30.3 1 1
github.com/c9s/bbgo/saas/manager/sync.go:31.2,31.54 1 0
github.com/c9s/bbgo/saas/manager/sync.go:31.54,33.3 1 0
github.com/c9s/bbgo/saas/manager/sync.go:33.8,35.3 1 0
github.com/c9s/bbgo/saas/manager/sync.go:38.76,39.20 1 1
github.com/c9s/bbgo/saas/manager/sync.go:39.20,41.3 1 1
github.com/c9s/bbgo/saas/manager/sync.go:42.2,42.77 1 0
github.com/c9s/bbgo/saas/manager/sync.go:42.77,44.3 1 0
github.com/c9s/bbgo/saas/manager/sync.go:44.8,46.3 1 0
github.com/c9s/bbgo/saas/manager/sync.go:49.91,50.20 1 1
github.com/c9s/bbgo/saas/manager/sync.go:50.20,52.3 1 1
github.com/c9s/bbgo/saas/manager/sync.go:53.2,54.16 2 1
github.com/c9s/bbgo/saas/manager/sync.go:54.16,56.3 1 0
github.com/c9s/bbgo/saas/manager/sync.go:57.2,60.35 3 1
github.com/c9s/bbgo/saas/manager/sync.go:60.35,61.26 1 1
github.com/c9s/bbgo/saas/manager/sync.go:61.26,62.38 1 1
github.com/c9s/bbgo/saas/manager/sync.go:62.38,64.5 1 1
github.com/c9s/bbgo/saas/manager/sync.go:65.9,65.34 1 1
github.com/c9s/bbgo/saas/manager/sync.go:65.34,67.4 1 1
github.com/c9s/bbgo/saas/manager/sync.go:70.2,70.26 1 1
github.com/c9s/bbgo/saas/manager/sync.go:70.26,71.19 1 1
github.com/c9s/bbgo/saas/manager/sync.go:71.19,72.12 1 1
github.com/c9s/bbgo/saas/manager/sync.go:74.3,74.33 1 1
github.com/c9s/bbgo/saas/manager/sync.go:74.33,75.12 1 1
github.com/c9s/bbgo/saas/manager/sync.go:77.3,77.32 1 1
github.com/c9s/bbgo/saas/manager/sync.go:77.32,78.24 1 1
github.com/c9s/bbgo/saas/manager/sync.go:78.24,83.10 5 1
github.com/c9s/bbgo/saas/manager/sync.go:89.70,91.2 1 0
github.com/c9s/bbgo/saas/manager/sync.go:93.28,94.12 1 1
github.com/c9s/bbgo/saas/manager/sync.go:94.12,96.3 1 1
github.com/c9s/bbgo/saas/manager/sync.go:97.2,97.12 1 1
github.com/c9s/bbgo/saas/manager/user.go:46.61,48.25 2 1
github.com/c9s/bbgo/saas/manager/user.go:48.25,50.3 1 1
github.com/c9s/bbgo/saas/manager/user.go:51.2,51.28 1 1
github.com/c9s/bbgo/saas/manager/user.go:51.28,52.50 1 1
github.com/c9s/bbgo/saas/manager/user.go:52.50,53.48 1 1
github.com/c9s/bbgo/saas/manager/user.go:53.48,55.13 2 1
github.com/c9s/bbgo/saas/manager/user.go:58.3,58.16 1 1
github.com/c9s/bbgo/saas/manager/user.go:60.2,60.15 1 1
github.com/c9s/bbgo/saas/manager/user.go:63.95,64.54 1 1
github.com/c9s/bbgo/saas/manager/user.go:64.54,66.3 1 1
github.com/c9s/bbgo/saas/manager/user.go:67.2,67.52 1 1
github.com/c9s/bbgo/saas/manager/user.go:67.52,68.38 1 1
github.com/c9s/bbgo/saas/manager/user.go:68.38,69.43 1 1
github.com/c9s/bbgo/saas/manager/user.go:69.43,70.21 1 1
github.com/c9s/bbgo/saas/manager/user.go:70.21,71.46 1 1
github.com/c9s/bbgo/saas/manager/user.go:71.46,73.7 1 1
github.com/c9s/bbgo/saas/manager/user.go:75.5,75.27 1 1
github.com/c9s/bbgo/saas/manager/user.go:79.2,79.25 1 1
github.com/c9s/bbgo/saas/manager/user.go:151.172,153.56 2 1
github.com/c9s/bbgo/saas/manager/user.go:153.56,155.3 1 0
github.com/c9s/bbgo/saas/manager/user.go:155.8,155.69 1 1
github.com/c9s/bbgo/saas/manager/user.go:155.69,157.3 1 1
github.com/c9s/bbgo/saas/manager/user.go:159.2,159.21 1 1
github.com/c9s/bbgo/saas/manager/user.go:159.21,160.58 1 1
github.com/c9s/bbgo/saas/manager/user.go:160.58,162.4 1 0
github.com/c9s/bbgo/saas/manager/user.go:165.2,168.20 3 1
github.com/c9s/bbgo/saas/manager/user.go:168.20,169.61 1 0
github.com/c9s/bbgo/saas/manager/user.go:169.61,171.4 1 0
github.com/c9s/bbgo/saas/manager/user.go:173.2,173.20 1 1
github.com/c9s/bbgo/saas/manager/user.go:173.20,175.3 1 0
github.com/c9s/bbgo/saas/manager/user.go:177.2,177.21 1 1
github.com/c9s/bbgo/saas/manager/user.go:177.21,179.3 1 0
github.com/c9s/bbgo/saas/manager/user.go:180.2,180.19 1 1
github.com/c9s/bbgo/saas/manager/user.go:180.19,182.3 1 0
github.com/c9s/bbgo/saas/manager/user.go:184.2,188.18 4 1
github.com/c9s/bbgo/saas/manager/user.go:188.18,189.59 1 1
github.com/c9s/bbgo/saas/manager/user.go:189.59,191.4 1 1
github.com/c9s/bbgo/saas/manager/user.go:193.2,193.18 1 1
github.com/c9s/bbgo/saas/manager/user.go:193.18,195.3 1 1
github.com/c9s/bbgo/saas/manager/user.go:196.2,255.28 3 1
github.com/c9s/bbgo/saas/manager/user.go:260.49,261.42 1 1
github.com/c9s/bbgo/saas/manager/user.go:261.42,262.35 1 1
github.com/c9s/bbgo/saas/manager/user.go:262.35,264.4 1 1
github.com/c9s/bbgo/saas/manager/user.go:266.2,266.15 1 1
github.com/c9s/bbgo/saas/manager/user.go:269.56,273.2 3 1
github.com/c9s/bbgo/saas/manager/user.go:275.52,277.28 2 1
github.com/c9s/bbgo/saas/manager/user.go:277.28,278.28 1 1
github.com/c9s/bbgo/saas/manager/user.go:278.28,280.4 1 1
github.com/c9s/bbgo/saas/manager/user.go:282.2,282.17 1 1
github.com/c9s/bbgo/saas/manager/user.go:285.45,286.42 1 1
github.com/c9s/bbgo/saas/manager/user.go:286.42,287.59 1 1
github.com/c9s/bbgo/saas/manager/user.go:287.59,289.4 1 1
github.com/c9s/bbgo/saas/manager/user.go:291.2,291.14 1 1
github.com/c9s/bbgo/saas/manager/util.go:9.39,13.2 3 1
github.com/c9s/bbgo/saas/manager/verify.go:30.48,31.18 1 1
github.com/c9s/bbgo/saas/manager/verify.go:32.36,33.14 1 1
github.com/c9s/bbgo/saas/manager/verify.go:34.10,35.15 1 1
github.com/c9s/bbgo/saas/manager/verify.go:39.100,41.9 2 1
github.com/c9s/bbgo/saas/manager/verify.go:41.9,43.3 1 1
github.com/c9s/bbgo/saas/manager/verify.go:45.2,46.15 2 1
github.com/c9s/bbgo/saas/manager/verify.go:46.15,48.3 1 1
github.com/c9s/bbgo/saas/manager/verify.go:50.2,50.18 1 1
github.com/c9s/bbgo/saas/manager/verify.go:51.17,52.51 1 1
github.com/c9s/bbgo/saas/manager/verify.go:53.15,54.49 1 1
github.com/c9s/bbgo/saas/manager/verify.go:55.16,56.62 1 1
github.com/c9s/bbgo/saas/manager/verify.go:57.10,58.91 1 1
github.com/c9s/bbgo/saas/manager/verify.go:62.68,70.16 7 1
github.com/c9s/bbgo/saas/manager/verify.go:70.16,72.3 1 0
github.com/c9s/bbgo/saas/manager/verify.go:73.2,75.29 2 1
github.com/c9s/bbgo/saas/manager/verify.go:78.66,87.16 8 1
github.com/c9s/bbgo/saas/manager/verify.go:87.16,89.3 1 0
github.com/c9s/bbgo/saas/manager/verify.go:90.2,95.29 5 1
github.com/c9s/bbgo/saas/manager/verify.go:98.79,99.22 1 1
github.com/c9s/bbgo/saas/manager/verify.go:99.22,101.3 1 1
github.com/c9s/bbgo/saas/manager/verify.go:102.2,110.16 8 1
github.com/c9s/bbgo/saas/manager/verify.go:110.16,112.3 1 0
github.com/c9s/bbgo/saas/manager/verify.go:113.2,119.29 6 1
github.com/c9s/bbgo/saas/manager/verify.go:124.54,126.16 2 1
github.com/c9s/bbgo/saas/manager/verify.go:126.16,128.3 1 1
github.com/c9s/bbgo/saas/manager/verify.go:129.2,131.38 2 1
github.com/c9s/bbgo/saas/manager/verify.go:131.38,133.3 1 1
github.com/c9s/bbgo/saas/manager/verify.go:134.2,135.102 2 1
github.com/c9s/bbgo/saas/manager/verify.go:138.39,140.21 2 1
github.com/c9s/bbgo/saas/manager/verify.go:140.21,142.3 1 1
github.com/c9s/bbgo/saas/manager/verify.go:143.2,143.34 1 0
github.com/c9s/bbgo/saas/manager/websocket.go:35.40,41.2 2 1
github.com/c9s/bbgo/saas/manager/websocket.go:43.42,44.2 0 0
github.com/c9s/bbgo/saas/manager/websocket.go:46.34,47.9 1 1
github.com/c9s/bbgo/saas/manager/websocket.go:48.17,48.17 0 1
github.com/c9s/bbgo/saas/manager/websocket.go:49.10,50.17 1 1
github.com/c9s/bbgo/saas/manager/websocket.go:54.41,58.31 4 1
github.com/c9s/bbgo/saas/manager/websocket.go:58.31,59.29 1 0
github.com/c9s/bbgo/saas/manager/websocket.go:59.29,61.4 1 0
github.com/c9s/bbgo/saas/manager/websocket.go:65.54,74.2 8 1
github.com/c9s/bbgo/saas/manager/websocket.go:76.63,80.42 4 1
github.com/c9s/bbgo/saas/manager/websocket.go:80.42,82.3 1 1
github.com/c9s/bbgo/saas/manager/websocket.go:83.2,84.23 2 1
github.com/c9s/bbgo/saas/manager/websocket.go:87.71,89.9 2 1
github.com/c9s/bbgo/saas/manager/websocket.go:89.9,92.3 2 0
github.com/c9s/bbgo/saas/manager/websocket.go:93.2,94.66 2 1
github.com/c9s/bbgo/saas/manager/websocket.go:97.73,99.18 2 0
github.com/c9s/bbgo/saas/manager/websocket.go:99.18,102.3 2 0
github.com/c9s/bbgo/saas/manager/websocket.go:103.2,104.9 2 0
github.com/c9s/bbgo/saas/manager/websocket.go:104.9,107.3 2 0
github.com/c9s/bbgo/saas/manager/websocket.go:109.2,110.23 2 0
github.com/c9s/bbgo/saas/manager/websocket.go:110.23,112.3 1 0
github.com/c9s/bbgo/saas/manager/websocket.go:113.2,116.16 2 0
github.com/c9s/bbgo/saas/manager/websocket.go:116.16,119.3 2 0
github.com/c9s/bbgo/saas/manager/websocket.go:120.2,126.16 4 0
github.com/c9s/bbgo/saas/manager/websocket.go:126.16,129.3 2 0
github.com/c9s/bbgo/saas/manager/websocket.go:131.2,136.16 4 0
github.com/c9s/bbgo/saas/manager/websocket.go:136.16,139.3 2 0
github.com/c9s/bbgo/saas/manager/websocket.go:140.2,147.18 4 0
github.com/c9s/bbgo/saas/manager/websocket.go:147.18,149.3 1 0
github.com/c9s/bbgo/saas/manager/websocket.go:150.2,150.29 1 0
github.com/c9s/bbgo/saas/manager/websocket.go:150.29,152.34 2 0
github.com/c9s/bbgo/saas/manager/websocket.go:152.34,153.71 1 0
github.com/c9s/bbgo/saas/manager/websocket.go:153.71,154.13 1 0
github.com/c9s/bbgo/saas/manager/websocket.go:156.4,162.18 4 0
github.com/c9s/bbgo/saas/manager/websocket.go:162.18,164.13 2 0
github.com/c9s/bbgo/saas/manager/websocket.go:166.4,168.9 3 0
github.com/c9s/bbgo/saas/manager/websocket.go:170.3,170.20 1 0
github.com/c9s/bbgo/saas/manager/websocket.go:170.20,171.9 1 0
github.com/c9s/bbgo/saas/manager/websocket.go:175.2,179.12 2 0
github.com/c9s/bbgo/saas/manager/websocket.go:179.12,180.7 1 0
github.com/c9s/bbgo/saas/manager/websocket.go:180.7,181.11 1 0
github.com/c9s/bbgo/saas/manager/websocket.go:182.22,183.11 1 0
github.com/c9s/bbgo/saas/manager/websocket.go:184.31,185.12 1 0
github.com/c9s/bbgo/saas/manager/websocket.go:185.12,187.6 1 0
github.com/c9s/bbgo/saas/manager/websocket.go:188.5,189.45 2 0
github.com/c9s/bbgo/saas/manager/websocket.go:189.45,191.6 1 0
github.com/c9s/bbgo/saas/manager/websocket.go:197.2,197.19 1 0
github.com/c9s/bbgo/saas/manager/websocket.go:197.19,198.13 1 0
github.com/c9s/bbgo/saas/manager/websocket.go:198.13,199.8 1 0
github.com/c9s/bbgo/saas/manager/websocket.go:199.8,200.12 1 0
github.com/c9s/bbgo/saas/manager/websocket.go:201.23,202.12 1 0
github.com/c9s/bbgo/saas/manager/websocket.go:203.30,204.13 1 0
github.com/c9s/bbgo/saas/manager/websocket.go:204.13,206.7 1 0
github.com/c9s/bbgo/saas/manager/websocket.go:207.6,208.46 2 0
github.com/c9s/bbgo/saas/manager/websocket.go:208.46,210.7 1 0
github.com/c9s/bbgo/saas/manager/websocket.go:217.2,217.6 1 0
github.com/c9s/bbgo/saas/manager/websocket.go:217.6,219.17 2 0
github.com/c9s/bbgo/saas/manager/websocket.go:219.17,220.9 1 0
github.com/c9s/bbgo/saas/manager/websocket.go:224.2,224.47 1 0
github.com/c9s/bbgo/saas/manager/websocket.go:227.90,228.15 1 0
github.com/c9s/bbgo/saas/manager/websocket.go:228.15,231.3 2 0
github.com/c9s/bbgo/saas/manager/websocket.go:232.2,233.19 2 0
github.com/c9s/bbgo/saas/manager/websocket.go:236.63,238.31 2 1
github.com/c9s/bbgo/saas/manager/websocket.go:238.31,239.22 1 1
github.com/c9s/bbgo/saas/manager/websocket.go:239.22,240.34 1 1
github.com/c9s/bbgo/saas/manager/websocket.go:240.34,241.23 1 1
github.com/c9s/bbgo/saas/manager/websocket.go:241.23,243.6 1 1
github.com/c9s/bbgo/saas/manager/websocket.go:245.9,245.30 1 1
github.com/c9s/bbgo/saas/manager/websocket.go:245.30,247.4 1 1
github.com/c9s/bbgo/saas/manager/websocket.go:249.2,250.22 2 1
github.com/c9s/bbgo/saas/manager/websocket.go:250.22,252.3 1 1
github.com/c9s/bbgo/saas/manager/websocket.go:253.2,254.17 2 1
